CRITICAL - 2023-07-26 16:41:09 --> The framework needs the following extension(s) installed and loaded: intl.
in SYSTEMPATH\CodeIgniter.php on line 226.
 1 SYSTEMPATH\CodeIgniter.php(226): CodeIgniter\Exceptions\FrameworkException::forMissingExtension('intl')
 2 SYSTEMPATH\CodeIgniter.php(190): CodeIgniter\CodeIgniter->resolvePlatformExtensions()
 3 ROOTPATH\spark(83): CodeIgniter\CodeIgniter->initialize()
CRITICAL - 2023-07-26 16:43:10 --> The framework needs the following extension(s) installed and loaded: intl.
in SYSTEMPATH\CodeIgniter.php on line 226.
 1 SYSTEMPATH\CodeIgniter.php(226): CodeIgniter\Exceptions\FrameworkException::forMissingExtension('intl')
 2 SYSTEMPATH\CodeIgniter.php(190): CodeIgniter\CodeIgniter->resolvePlatformExtensions()
 3 ROOTPATH\spark(83): CodeIgniter\CodeIgniter->initialize()
ERROR - 2023-07-26 14:45:15 --> Error connecting to the database: mysqli_sql_exception: Unknown database 'pwl_fp' in C:\Users\divka\peminjaman_barang-main\peminjaman_barang-main\system\Database\MySQLi\Connection.php:173
Stack trace:
#0 C:\Users\divka\peminjaman_barang-main\peminjaman_barang-main\system\Database\MySQLi\Connection.php(173): mysqli->real_connect('localhost', 'root', Object(SensitiveParameterValue), 'pwl_fp', 3306, '', 0)
#1 C:\Users\divka\peminjaman_barang-main\peminjaman_barang-main\system\Database\BaseConnection.php(391): CodeIgniter\Database\MySQLi\Connection->connect(false)
#2 C:\Users\divka\peminjaman_barang-main\peminjaman_barang-main\system\Database\BaseConnection.php(574): CodeIgniter\Database\BaseConnection->initialize()
#3 C:\Users\divka\peminjaman_barang-main\peminjaman_barang-main\system\Database\BaseBuilder.php(1616): CodeIgniter\Database\BaseConnection->query('SELECT *\nFROM `...', Array, false)
#4 C:\Users\divka\peminjaman_barang-main\peminjaman_barang-main\system\Model.php(268): CodeIgniter\Database\BaseBuilder->get()
#5 C:\Users\divka\peminjaman_barang-main\peminjaman_barang-main\system\BaseModel.php(656): CodeIgniter\Model->doFirst()
#6 C:\Users\divka\peminjaman_barang-main\peminjaman_barang-main\app\Models\UserModel.php(15): CodeIgniter\BaseModel->first()
#7 C:\Users\divka\peminjaman_barang-main\peminjaman_barang-main\app\Controllers\UserController.php(39): App\Models\UserModel->getUserByUsername('admin@gmail.com')
#8 C:\Users\divka\peminjaman_barang-main\peminjaman_barang-main\system\CodeIgniter.php(932): App\Controllers\UserController->Login()
#9 C:\Users\divka\peminjaman_barang-main\peminjaman_barang-main\system\CodeIgniter.php(497): CodeIgniter\CodeIgniter->runController(Object(App\Controllers\UserController))
#10 C:\Users\divka\peminjaman_barang-main\peminjaman_barang-main\system\CodeIgniter.php(366): CodeIgniter\CodeIgniter->handleRequest(NULL, Object(Config\Cache), false)
#11 C:\Users\divka\peminjaman_barang-main\peminjaman_barang-main\public\index.php(67): CodeIgniter\CodeIgniter->run()
#12 C:\Users\divka\peminjaman_barang-main\peminjaman_barang-main\system\Commands\Server\rewrite.php(47): require_once('C:\\Users\\divka\\...')
#13 {main}

Next CodeIgniter\Database\Exceptions\DatabaseException: Unknown database 'pwl_fp' in C:\Users\divka\peminjaman_barang-main\peminjaman_barang-main\system\Database\MySQLi\Connection.php:218
Stack trace:
#0 C:\Users\divka\peminjaman_barang-main\peminjaman_barang-main\system\Database\BaseConnection.php(391): CodeIgniter\Database\MySQLi\Connection->connect(false)
#1 C:\Users\divka\peminjaman_barang-main\peminjaman_barang-main\system\Database\BaseConnection.php(574): CodeIgniter\Database\BaseConnection->initialize()
#2 C:\Users\divka\peminjaman_barang-main\peminjaman_barang-main\system\Database\BaseBuilder.php(1616): CodeIgniter\Database\BaseConnection->query('SELECT *\nFROM `...', Array, false)
#3 C:\Users\divka\peminjaman_barang-main\peminjaman_barang-main\system\Model.php(268): CodeIgniter\Database\BaseBuilder->get()
#4 C:\Users\divka\peminjaman_barang-main\peminjaman_barang-main\system\BaseModel.php(656): CodeIgniter\Model->doFirst()
#5 C:\Users\divka\peminjaman_barang-main\peminjaman_barang-main\app\Models\UserModel.php(15): CodeIgniter\BaseModel->first()
#6 C:\Users\divka\peminjaman_barang-main\peminjaman_barang-main\app\Controllers\UserController.php(39): App\Models\UserModel->getUserByUsername('admin@gmail.com')
#7 C:\Users\divka\peminjaman_barang-main\peminjaman_barang-main\system\CodeIgniter.php(932): App\Controllers\UserController->Login()
#8 C:\Users\divka\peminjaman_barang-main\peminjaman_barang-main\system\CodeIgniter.php(497): CodeIgniter\CodeIgniter->runController(Object(App\Controllers\UserController))
#9 C:\Users\divka\peminjaman_barang-main\peminjaman_barang-main\system\CodeIgniter.php(366): CodeIgniter\CodeIgniter->handleRequest(NULL, Object(Config\Cache), false)
#10 C:\Users\divka\peminjaman_barang-main\peminjaman_barang-main\public\index.php(67): CodeIgniter\CodeIgniter->run()
#11 C:\Users\divka\peminjaman_barang-main\peminjaman_barang-main\system\Commands\Server\rewrite.php(47): require_once('C:\\Users\\divka\\...')
#12 {main}
CRITICAL - 2023-07-26 14:45:15 --> Unable to connect to the database.
Main connection [MySQLi]: Unknown database 'pwl_fp'
in SYSTEMPATH\Database\BaseConnection.php on line 427.
 1 SYSTEMPATH\Database\BaseConnection.php(574): CodeIgniter\Database\BaseConnection->initialize()
 2 SYSTEMPATH\Database\BaseBuilder.php(1616): CodeIgniter\Database\BaseConnection->query('SELECT *
FROM `users`
WHERE `email` = :email:
 LIMIT 1', [...], false)
 3 SYSTEMPATH\Model.php(268): CodeIgniter\Database\BaseBuilder->get()
 4 SYSTEMPATH\BaseModel.php(656): CodeIgniter\Model->doFirst()
 5 APPPATH\Models\UserModel.php(15): CodeIgniter\BaseModel->first()
 6 APPPATH\Controllers\UserController.php(39): App\Models\UserModel->getUserByUsername('admin@gmail.com')
 7 SYSTEMPATH\CodeIgniter.php(932): App\Controllers\UserController->Login()
 8 SYSTEMPATH\CodeIgniter.php(497): CodeIgniter\CodeIgniter->runController(Object(App\Controllers\UserController))
 9 SYSTEMPATH\CodeIgniter.php(366): CodeIgniter\CodeIgniter->handleRequest(null, Object(Config\Cache), false)
10 FCPATH\index.php(67): CodeIgniter\CodeIgniter->run()
11 SYSTEMPATH\Commands\Server\rewrite.php(47): require_once('C:\\Users\\divka\\peminjaman_barang-main\\peminjaman_barang-main\\public\\index.php')
INFO - 2023-07-26 14:46:13 --> Session: Class initialized using 'CodeIgniter\Session\Handlers\FileHandler' driver.
INFO - 2023-07-26 14:46:24 --> Session: Class initialized using 'CodeIgniter\Session\Handlers\FileHandler' driver.
INFO - 2023-07-26 14:46:45 --> Session: Class initialized using 'CodeIgniter\Session\Handlers\FileHandler' driver.
INFO - 2023-07-26 14:46:57 --> Session: Class initialized using 'CodeIgniter\Session\Handlers\FileHandler' driver.
