ERROR - 2023-07-25 07:21:38 --> Error connecting to the database: mysqli_sql_exception: No connection could be made because the target machine actively refused it in C:\Users\divka\peminjaman_barang-main\peminjaman_barang-main\system\Database\MySQLi\Connection.php:173
Stack trace:
#0 C:\Users\divka\peminjaman_barang-main\peminjaman_barang-main\system\Database\MySQLi\Connection.php(173): mysqli->real_connect('localhost', 'root', Object(SensitiveParameterValue), 'pwl_fp', 3306, '', 0)
#1 C:\Users\divka\peminjaman_barang-main\peminjaman_barang-main\system\Database\BaseConnection.php(391): CodeIgniter\Database\MySQLi\Connection->connect(false)
#2 C:\Users\divka\peminjaman_barang-main\peminjaman_barang-main\system\Database\BaseConnection.php(574): CodeIgniter\Database\BaseConnection->initialize()
#3 C:\Users\divka\peminjaman_barang-main\peminjaman_barang-main\system\Database\BaseBuilder.php(1616): CodeIgniter\Database\BaseConnection->query('SELECT *\nFROM `...', Array, false)
#4 C:\Users\divka\peminjaman_barang-main\peminjaman_barang-main\system\Model.php(268): CodeIgniter\Database\BaseBuilder->get()
#5 C:\Users\divka\peminjaman_barang-main\peminjaman_barang-main\system\BaseModel.php(656): CodeIgniter\Model->doFirst()
#6 C:\Users\divka\peminjaman_barang-main\peminjaman_barang-main\app\Models\UserModel.php(15): CodeIgniter\BaseModel->first()
#7 C:\Users\divka\peminjaman_barang-main\peminjaman_barang-main\app\Controllers\UserController.php(39): App\Models\UserModel->getUserByUsername('admin@gmail.com')
#8 C:\Users\divka\peminjaman_barang-main\peminjaman_barang-main\system\CodeIgniter.php(932): App\Controllers\UserController->Login()
#9 C:\Users\divka\peminjaman_barang-main\peminjaman_barang-main\system\CodeIgniter.php(497): CodeIgniter\CodeIgniter->runController(Object(App\Controllers\UserController))
#10 C:\Users\divka\peminjaman_barang-main\peminjaman_barang-main\system\CodeIgniter.php(366): CodeIgniter\CodeIgniter->handleRequest(NULL, Object(Config\Cache), false)
#11 C:\Users\divka\peminjaman_barang-main\peminjaman_barang-main\public\index.php(67): CodeIgniter\CodeIgniter->run()
#12 C:\Users\divka\peminjaman_barang-main\peminjaman_barang-main\system\Commands\Server\rewrite.php(47): require_once('C:\\Users\\divka\\...')
#13 {main}

Next CodeIgniter\Database\Exceptions\DatabaseException: No connection could be made because the target machine actively refused it in C:\Users\divka\peminjaman_barang-main\peminjaman_barang-main\system\Database\MySQLi\Connection.php:218
Stack trace:
#0 C:\Users\divka\peminjaman_barang-main\peminjaman_barang-main\system\Database\BaseConnection.php(391): CodeIgniter\Database\MySQLi\Connection->connect(false)
#1 C:\Users\divka\peminjaman_barang-main\peminjaman_barang-main\system\Database\BaseConnection.php(574): CodeIgniter\Database\BaseConnection->initialize()
#2 C:\Users\divka\peminjaman_barang-main\peminjaman_barang-main\system\Database\BaseBuilder.php(1616): CodeIgniter\Database\BaseConnection->query('SELECT *\nFROM `...', Array, false)
#3 C:\Users\divka\peminjaman_barang-main\peminjaman_barang-main\system\Model.php(268): CodeIgniter\Database\BaseBuilder->get()
#4 C:\Users\divka\peminjaman_barang-main\peminjaman_barang-main\system\BaseModel.php(656): CodeIgniter\Model->doFirst()
#5 C:\Users\divka\peminjaman_barang-main\peminjaman_barang-main\app\Models\UserModel.php(15): CodeIgniter\BaseModel->first()
#6 C:\Users\divka\peminjaman_barang-main\peminjaman_barang-main\app\Controllers\UserController.php(39): App\Models\UserModel->getUserByUsername('admin@gmail.com')
#7 C:\Users\divka\peminjaman_barang-main\peminjaman_barang-main\system\CodeIgniter.php(932): App\Controllers\UserController->Login()
#8 C:\Users\divka\peminjaman_barang-main\peminjaman_barang-main\system\CodeIgniter.php(497): CodeIgniter\CodeIgniter->runController(Object(App\Controllers\UserController))
#9 C:\Users\divka\peminjaman_barang-main\peminjaman_barang-main\system\CodeIgniter.php(366): CodeIgniter\CodeIgniter->handleRequest(NULL, Object(Config\Cache), false)
#10 C:\Users\divka\peminjaman_barang-main\peminjaman_barang-main\public\index.php(67): CodeIgniter\CodeIgniter->run()
#11 C:\Users\divka\peminjaman_barang-main\peminjaman_barang-main\system\Commands\Server\rewrite.php(47): require_once('C:\\Users\\divka\\...')
#12 {main}
CRITICAL - 2023-07-25 07:21:38 --> Unable to connect to the database.
Main connection [MySQLi]: No connection could be made because the target machine actively refused it
in SYSTEMPATH\Database\BaseConnection.php on line 427.
 1 SYSTEMPATH\Database\BaseConnection.php(574): CodeIgniter\Database\BaseConnection->initialize()
 2 SYSTEMPATH\Database\BaseBuilder.php(1616): CodeIgniter\Database\BaseConnection->query('SELECT *
FROM `users`
WHERE `email` = :email:
 LIMIT 1', [...], false)
 3 SYSTEMPATH\Model.php(268): CodeIgniter\Database\BaseBuilder->get()
 4 SYSTEMPATH\BaseModel.php(656): CodeIgniter\Model->doFirst()
 5 APPPATH\Models\UserModel.php(15): CodeIgniter\BaseModel->first()
 6 APPPATH\Controllers\UserController.php(39): App\Models\UserModel->getUserByUsername('admin@gmail.com')
 7 SYSTEMPATH\CodeIgniter.php(932): App\Controllers\UserController->Login()
 8 SYSTEMPATH\CodeIgniter.php(497): CodeIgniter\CodeIgniter->runController(Object(App\Controllers\UserController))
 9 SYSTEMPATH\CodeIgniter.php(366): CodeIgniter\CodeIgniter->handleRequest(null, Object(Config\Cache), false)
10 FCPATH\index.php(67): CodeIgniter\CodeIgniter->run()
11 SYSTEMPATH\Commands\Server\rewrite.php(47): require_once('C:\\Users\\divka\\peminjaman_barang-main\\peminjaman_barang-main\\public\\index.php')
ERROR - 2023-07-25 07:22:26 --> Error connecting to the database: mysqli_sql_exception: No connection could be made because the target machine actively refused it in C:\Users\divka\peminjaman_barang-main\peminjaman_barang-main\system\Database\MySQLi\Connection.php:173
Stack trace:
#0 C:\Users\divka\peminjaman_barang-main\peminjaman_barang-main\system\Database\MySQLi\Connection.php(173): mysqli->real_connect('localhost', 'root', Object(SensitiveParameterValue), 'pwl_fp', 3306, '', 0)
#1 C:\Users\divka\peminjaman_barang-main\peminjaman_barang-main\system\Database\BaseConnection.php(391): CodeIgniter\Database\MySQLi\Connection->connect(false)
#2 C:\Users\divka\peminjaman_barang-main\peminjaman_barang-main\system\Database\BaseConnection.php(574): CodeIgniter\Database\BaseConnection->initialize()
#3 C:\Users\divka\peminjaman_barang-main\peminjaman_barang-main\system\Database\BaseBuilder.php(1616): CodeIgniter\Database\BaseConnection->query('SELECT *\nFROM `...', Array, false)
#4 C:\Users\divka\peminjaman_barang-main\peminjaman_barang-main\system\Model.php(268): CodeIgniter\Database\BaseBuilder->get()
#5 C:\Users\divka\peminjaman_barang-main\peminjaman_barang-main\system\BaseModel.php(656): CodeIgniter\Model->doFirst()
#6 C:\Users\divka\peminjaman_barang-main\peminjaman_barang-main\app\Models\UserModel.php(15): CodeIgniter\BaseModel->first()
#7 C:\Users\divka\peminjaman_barang-main\peminjaman_barang-main\app\Controllers\UserController.php(39): App\Models\UserModel->getUserByUsername('admin@gmail.com')
#8 C:\Users\divka\peminjaman_barang-main\peminjaman_barang-main\system\CodeIgniter.php(932): App\Controllers\UserController->Login()
#9 C:\Users\divka\peminjaman_barang-main\peminjaman_barang-main\system\CodeIgniter.php(497): CodeIgniter\CodeIgniter->runController(Object(App\Controllers\UserController))
#10 C:\Users\divka\peminjaman_barang-main\peminjaman_barang-main\system\CodeIgniter.php(366): CodeIgniter\CodeIgniter->handleRequest(NULL, Object(Config\Cache), false)
#11 C:\Users\divka\peminjaman_barang-main\peminjaman_barang-main\public\index.php(67): CodeIgniter\CodeIgniter->run()
#12 C:\Users\divka\peminjaman_barang-main\peminjaman_barang-main\system\Commands\Server\rewrite.php(47): require_once('C:\\Users\\divka\\...')
#13 {main}

Next CodeIgniter\Database\Exceptions\DatabaseException: No connection could be made because the target machine actively refused it in C:\Users\divka\peminjaman_barang-main\peminjaman_barang-main\system\Database\MySQLi\Connection.php:218
Stack trace:
#0 C:\Users\divka\peminjaman_barang-main\peminjaman_barang-main\system\Database\BaseConnection.php(391): CodeIgniter\Database\MySQLi\Connection->connect(false)
#1 C:\Users\divka\peminjaman_barang-main\peminjaman_barang-main\system\Database\BaseConnection.php(574): CodeIgniter\Database\BaseConnection->initialize()
#2 C:\Users\divka\peminjaman_barang-main\peminjaman_barang-main\system\Database\BaseBuilder.php(1616): CodeIgniter\Database\BaseConnection->query('SELECT *\nFROM `...', Array, false)
#3 C:\Users\divka\peminjaman_barang-main\peminjaman_barang-main\system\Model.php(268): CodeIgniter\Database\BaseBuilder->get()
#4 C:\Users\divka\peminjaman_barang-main\peminjaman_barang-main\system\BaseModel.php(656): CodeIgniter\Model->doFirst()
#5 C:\Users\divka\peminjaman_barang-main\peminjaman_barang-main\app\Models\UserModel.php(15): CodeIgniter\BaseModel->first()
#6 C:\Users\divka\peminjaman_barang-main\peminjaman_barang-main\app\Controllers\UserController.php(39): App\Models\UserModel->getUserByUsername('admin@gmail.com')
#7 C:\Users\divka\peminjaman_barang-main\peminjaman_barang-main\system\CodeIgniter.php(932): App\Controllers\UserController->Login()
#8 C:\Users\divka\peminjaman_barang-main\peminjaman_barang-main\system\CodeIgniter.php(497): CodeIgniter\CodeIgniter->runController(Object(App\Controllers\UserController))
#9 C:\Users\divka\peminjaman_barang-main\peminjaman_barang-main\system\CodeIgniter.php(366): CodeIgniter\CodeIgniter->handleRequest(NULL, Object(Config\Cache), false)
#10 C:\Users\divka\peminjaman_barang-main\peminjaman_barang-main\public\index.php(67): CodeIgniter\CodeIgniter->run()
#11 C:\Users\divka\peminjaman_barang-main\peminjaman_barang-main\system\Commands\Server\rewrite.php(47): require_once('C:\\Users\\divka\\...')
#12 {main}
CRITICAL - 2023-07-25 07:22:26 --> Unable to connect to the database.
Main connection [MySQLi]: No connection could be made because the target machine actively refused it
in SYSTEMPATH\Database\BaseConnection.php on line 427.
 1 SYSTEMPATH\Database\BaseConnection.php(574): CodeIgniter\Database\BaseConnection->initialize()
 2 SYSTEMPATH\Database\BaseBuilder.php(1616): CodeIgniter\Database\BaseConnection->query('SELECT *
FROM `users`
WHERE `email` = :email:
 LIMIT 1', [...], false)
 3 SYSTEMPATH\Model.php(268): CodeIgniter\Database\BaseBuilder->get()
 4 SYSTEMPATH\BaseModel.php(656): CodeIgniter\Model->doFirst()
 5 APPPATH\Models\UserModel.php(15): CodeIgniter\BaseModel->first()
 6 APPPATH\Controllers\UserController.php(39): App\Models\UserModel->getUserByUsername('admin@gmail.com')
 7 SYSTEMPATH\CodeIgniter.php(932): App\Controllers\UserController->Login()
 8 SYSTEMPATH\CodeIgniter.php(497): CodeIgniter\CodeIgniter->runController(Object(App\Controllers\UserController))
 9 SYSTEMPATH\CodeIgniter.php(366): CodeIgniter\CodeIgniter->handleRequest(null, Object(Config\Cache), false)
10 FCPATH\index.php(67): CodeIgniter\CodeIgniter->run()
11 SYSTEMPATH\Commands\Server\rewrite.php(47): require_once('C:\\Users\\divka\\peminjaman_barang-main\\peminjaman_barang-main\\public\\index.php')
ERROR - 2023-07-25 07:23:24 --> Error connecting to the database: mysqli_sql_exception: No connection could be made because the target machine actively refused it in C:\Users\divka\peminjaman_barang-main\peminjaman_barang-main\system\Database\MySQLi\Connection.php:173
Stack trace:
#0 C:\Users\divka\peminjaman_barang-main\peminjaman_barang-main\system\Database\MySQLi\Connection.php(173): mysqli->real_connect('localhost', 'root', Object(SensitiveParameterValue), 'pwl_fp', 3306, '', 0)
#1 C:\Users\divka\peminjaman_barang-main\peminjaman_barang-main\system\Database\BaseConnection.php(391): CodeIgniter\Database\MySQLi\Connection->connect(false)
#2 C:\Users\divka\peminjaman_barang-main\peminjaman_barang-main\system\Database\BaseConnection.php(574): CodeIgniter\Database\BaseConnection->initialize()
#3 C:\Users\divka\peminjaman_barang-main\peminjaman_barang-main\system\Database\BaseBuilder.php(1616): CodeIgniter\Database\BaseConnection->query('SELECT *\nFROM `...', Array, false)
#4 C:\Users\divka\peminjaman_barang-main\peminjaman_barang-main\system\Model.php(268): CodeIgniter\Database\BaseBuilder->get()
#5 C:\Users\divka\peminjaman_barang-main\peminjaman_barang-main\system\BaseModel.php(656): CodeIgniter\Model->doFirst()
#6 C:\Users\divka\peminjaman_barang-main\peminjaman_barang-main\app\Models\UserModel.php(15): CodeIgniter\BaseModel->first()
#7 C:\Users\divka\peminjaman_barang-main\peminjaman_barang-main\app\Controllers\UserController.php(39): App\Models\UserModel->getUserByUsername('panji@gmail.com')
#8 C:\Users\divka\peminjaman_barang-main\peminjaman_barang-main\system\CodeIgniter.php(932): App\Controllers\UserController->Login()
#9 C:\Users\divka\peminjaman_barang-main\peminjaman_barang-main\system\CodeIgniter.php(497): CodeIgniter\CodeIgniter->runController(Object(App\Controllers\UserController))
#10 C:\Users\divka\peminjaman_barang-main\peminjaman_barang-main\system\CodeIgniter.php(366): CodeIgniter\CodeIgniter->handleRequest(NULL, Object(Config\Cache), false)
#11 C:\Users\divka\peminjaman_barang-main\peminjaman_barang-main\public\index.php(67): CodeIgniter\CodeIgniter->run()
#12 C:\Users\divka\peminjaman_barang-main\peminjaman_barang-main\system\Commands\Server\rewrite.php(47): require_once('C:\\Users\\divka\\...')
#13 {main}

Next CodeIgniter\Database\Exceptions\DatabaseException: No connection could be made because the target machine actively refused it in C:\Users\divka\peminjaman_barang-main\peminjaman_barang-main\system\Database\MySQLi\Connection.php:218
Stack trace:
#0 C:\Users\divka\peminjaman_barang-main\peminjaman_barang-main\system\Database\BaseConnection.php(391): CodeIgniter\Database\MySQLi\Connection->connect(false)
#1 C:\Users\divka\peminjaman_barang-main\peminjaman_barang-main\system\Database\BaseConnection.php(574): CodeIgniter\Database\BaseConnection->initialize()
#2 C:\Users\divka\peminjaman_barang-main\peminjaman_barang-main\system\Database\BaseBuilder.php(1616): CodeIgniter\Database\BaseConnection->query('SELECT *\nFROM `...', Array, false)
#3 C:\Users\divka\peminjaman_barang-main\peminjaman_barang-main\system\Model.php(268): CodeIgniter\Database\BaseBuilder->get()
#4 C:\Users\divka\peminjaman_barang-main\peminjaman_barang-main\system\BaseModel.php(656): CodeIgniter\Model->doFirst()
#5 C:\Users\divka\peminjaman_barang-main\peminjaman_barang-main\app\Models\UserModel.php(15): CodeIgniter\BaseModel->first()
#6 C:\Users\divka\peminjaman_barang-main\peminjaman_barang-main\app\Controllers\UserController.php(39): App\Models\UserModel->getUserByUsername('panji@gmail.com')
#7 C:\Users\divka\peminjaman_barang-main\peminjaman_barang-main\system\CodeIgniter.php(932): App\Controllers\UserController->Login()
#8 C:\Users\divka\peminjaman_barang-main\peminjaman_barang-main\system\CodeIgniter.php(497): CodeIgniter\CodeIgniter->runController(Object(App\Controllers\UserController))
#9 C:\Users\divka\peminjaman_barang-main\peminjaman_barang-main\system\CodeIgniter.php(366): CodeIgniter\CodeIgniter->handleRequest(NULL, Object(Config\Cache), false)
#10 C:\Users\divka\peminjaman_barang-main\peminjaman_barang-main\public\index.php(67): CodeIgniter\CodeIgniter->run()
#11 C:\Users\divka\peminjaman_barang-main\peminjaman_barang-main\system\Commands\Server\rewrite.php(47): require_once('C:\\Users\\divka\\...')
#12 {main}
CRITICAL - 2023-07-25 07:23:24 --> Unable to connect to the database.
Main connection [MySQLi]: No connection could be made because the target machine actively refused it
in SYSTEMPATH\Database\BaseConnection.php on line 427.
 1 SYSTEMPATH\Database\BaseConnection.php(574): CodeIgniter\Database\BaseConnection->initialize()
 2 SYSTEMPATH\Database\BaseBuilder.php(1616): CodeIgniter\Database\BaseConnection->query('SELECT *
FROM `users`
WHERE `email` = :email:
 LIMIT 1', [...], false)
 3 SYSTEMPATH\Model.php(268): CodeIgniter\Database\BaseBuilder->get()
 4 SYSTEMPATH\BaseModel.php(656): CodeIgniter\Model->doFirst()
 5 APPPATH\Models\UserModel.php(15): CodeIgniter\BaseModel->first()
 6 APPPATH\Controllers\UserController.php(39): App\Models\UserModel->getUserByUsername('panji@gmail.com')
 7 SYSTEMPATH\CodeIgniter.php(932): App\Controllers\UserController->Login()
 8 SYSTEMPATH\CodeIgniter.php(497): CodeIgniter\CodeIgniter->runController(Object(App\Controllers\UserController))
 9 SYSTEMPATH\CodeIgniter.php(366): CodeIgniter\CodeIgniter->handleRequest(null, Object(Config\Cache), false)
10 FCPATH\index.php(67): CodeIgniter\CodeIgniter->run()
11 SYSTEMPATH\Commands\Server\rewrite.php(47): require_once('C:\\Users\\divka\\peminjaman_barang-main\\peminjaman_barang-main\\public\\index.php')
ERROR - 2023-07-25 07:25:03 --> Error connecting to the database: mysqli_sql_exception: No connection could be made because the target machine actively refused it in C:\Users\divka\peminjaman_barang-main\peminjaman_barang-main\system\Database\MySQLi\Connection.php:173
Stack trace:
#0 C:\Users\divka\peminjaman_barang-main\peminjaman_barang-main\system\Database\MySQLi\Connection.php(173): mysqli->real_connect('localhost', 'root', Object(SensitiveParameterValue), 'pwl_fp', 3306, '', 0)
#1 C:\Users\divka\peminjaman_barang-main\peminjaman_barang-main\system\Database\BaseConnection.php(391): CodeIgniter\Database\MySQLi\Connection->connect(false)
#2 C:\Users\divka\peminjaman_barang-main\peminjaman_barang-main\system\Database\BaseConnection.php(574): CodeIgniter\Database\BaseConnection->initialize()
#3 C:\Users\divka\peminjaman_barang-main\peminjaman_barang-main\system\Database\BaseBuilder.php(1616): CodeIgniter\Database\BaseConnection->query('SELECT *\nFROM `...', Array, false)
#4 C:\Users\divka\peminjaman_barang-main\peminjaman_barang-main\system\Model.php(268): CodeIgniter\Database\BaseBuilder->get()
#5 C:\Users\divka\peminjaman_barang-main\peminjaman_barang-main\system\BaseModel.php(656): CodeIgniter\Model->doFirst()
#6 C:\Users\divka\peminjaman_barang-main\peminjaman_barang-main\app\Models\UserModel.php(15): CodeIgniter\BaseModel->first()
#7 C:\Users\divka\peminjaman_barang-main\peminjaman_barang-main\app\Controllers\UserController.php(39): App\Models\UserModel->getUserByUsername('admin@gmail.com')
#8 C:\Users\divka\peminjaman_barang-main\peminjaman_barang-main\system\CodeIgniter.php(932): App\Controllers\UserController->Login()
#9 C:\Users\divka\peminjaman_barang-main\peminjaman_barang-main\system\CodeIgniter.php(497): CodeIgniter\CodeIgniter->runController(Object(App\Controllers\UserController))
#10 C:\Users\divka\peminjaman_barang-main\peminjaman_barang-main\system\CodeIgniter.php(366): CodeIgniter\CodeIgniter->handleRequest(NULL, Object(Config\Cache), false)
#11 C:\Users\divka\peminjaman_barang-main\peminjaman_barang-main\public\index.php(67): CodeIgniter\CodeIgniter->run()
#12 C:\Users\divka\peminjaman_barang-main\peminjaman_barang-main\system\Commands\Server\rewrite.php(47): require_once('C:\\Users\\divka\\...')
#13 {main}

Next CodeIgniter\Database\Exceptions\DatabaseException: No connection could be made because the target machine actively refused it in C:\Users\divka\peminjaman_barang-main\peminjaman_barang-main\system\Database\MySQLi\Connection.php:218
Stack trace:
#0 C:\Users\divka\peminjaman_barang-main\peminjaman_barang-main\system\Database\BaseConnection.php(391): CodeIgniter\Database\MySQLi\Connection->connect(false)
#1 C:\Users\divka\peminjaman_barang-main\peminjaman_barang-main\system\Database\BaseConnection.php(574): CodeIgniter\Database\BaseConnection->initialize()
#2 C:\Users\divka\peminjaman_barang-main\peminjaman_barang-main\system\Database\BaseBuilder.php(1616): CodeIgniter\Database\BaseConnection->query('SELECT *\nFROM `...', Array, false)
#3 C:\Users\divka\peminjaman_barang-main\peminjaman_barang-main\system\Model.php(268): CodeIgniter\Database\BaseBuilder->get()
#4 C:\Users\divka\peminjaman_barang-main\peminjaman_barang-main\system\BaseModel.php(656): CodeIgniter\Model->doFirst()
#5 C:\Users\divka\peminjaman_barang-main\peminjaman_barang-main\app\Models\UserModel.php(15): CodeIgniter\BaseModel->first()
#6 C:\Users\divka\peminjaman_barang-main\peminjaman_barang-main\app\Controllers\UserController.php(39): App\Models\UserModel->getUserByUsername('admin@gmail.com')
#7 C:\Users\divka\peminjaman_barang-main\peminjaman_barang-main\system\CodeIgniter.php(932): App\Controllers\UserController->Login()
#8 C:\Users\divka\peminjaman_barang-main\peminjaman_barang-main\system\CodeIgniter.php(497): CodeIgniter\CodeIgniter->runController(Object(App\Controllers\UserController))
#9 C:\Users\divka\peminjaman_barang-main\peminjaman_barang-main\system\CodeIgniter.php(366): CodeIgniter\CodeIgniter->handleRequest(NULL, Object(Config\Cache), false)
#10 C:\Users\divka\peminjaman_barang-main\peminjaman_barang-main\public\index.php(67): CodeIgniter\CodeIgniter->run()
#11 C:\Users\divka\peminjaman_barang-main\peminjaman_barang-main\system\Commands\Server\rewrite.php(47): require_once('C:\\Users\\divka\\...')
#12 {main}
CRITICAL - 2023-07-25 07:25:03 --> Unable to connect to the database.
Main connection [MySQLi]: No connection could be made because the target machine actively refused it
in SYSTEMPATH\Database\BaseConnection.php on line 427.
 1 SYSTEMPATH\Database\BaseConnection.php(574): CodeIgniter\Database\BaseConnection->initialize()
 2 SYSTEMPATH\Database\BaseBuilder.php(1616): CodeIgniter\Database\BaseConnection->query('SELECT *
FROM `users`
WHERE `email` = :email:
 LIMIT 1', [...], false)
 3 SYSTEMPATH\Model.php(268): CodeIgniter\Database\BaseBuilder->get()
 4 SYSTEMPATH\BaseModel.php(656): CodeIgniter\Model->doFirst()
 5 APPPATH\Models\UserModel.php(15): CodeIgniter\BaseModel->first()
 6 APPPATH\Controllers\UserController.php(39): App\Models\UserModel->getUserByUsername('admin@gmail.com')
 7 SYSTEMPATH\CodeIgniter.php(932): App\Controllers\UserController->Login()
 8 SYSTEMPATH\CodeIgniter.php(497): CodeIgniter\CodeIgniter->runController(Object(App\Controllers\UserController))
 9 SYSTEMPATH\CodeIgniter.php(366): CodeIgniter\CodeIgniter->handleRequest(null, Object(Config\Cache), false)
10 FCPATH\index.php(67): CodeIgniter\CodeIgniter->run()
11 SYSTEMPATH\Commands\Server\rewrite.php(47): require_once('C:\\Users\\divka\\peminjaman_barang-main\\peminjaman_barang-main\\public\\index.php')
ERROR - 2023-07-25 07:25:28 --> Error connecting to the database: mysqli_sql_exception: No connection could be made because the target machine actively refused it in C:\Users\divka\peminjaman_barang-main\peminjaman_barang-main\system\Database\MySQLi\Connection.php:173
Stack trace:
#0 C:\Users\divka\peminjaman_barang-main\peminjaman_barang-main\system\Database\MySQLi\Connection.php(173): mysqli->real_connect('localhost', 'root', Object(SensitiveParameterValue), 'pwl_fp', 3306, '', 0)
#1 C:\Users\divka\peminjaman_barang-main\peminjaman_barang-main\system\Database\BaseConnection.php(391): CodeIgniter\Database\MySQLi\Connection->connect(false)
#2 C:\Users\divka\peminjaman_barang-main\peminjaman_barang-main\system\Database\BaseConnection.php(574): CodeIgniter\Database\BaseConnection->initialize()
#3 C:\Users\divka\peminjaman_barang-main\peminjaman_barang-main\system\Database\BaseBuilder.php(1616): CodeIgniter\Database\BaseConnection->query('SELECT *\nFROM `...', Array, false)
#4 C:\Users\divka\peminjaman_barang-main\peminjaman_barang-main\system\Model.php(268): CodeIgniter\Database\BaseBuilder->get()
#5 C:\Users\divka\peminjaman_barang-main\peminjaman_barang-main\system\BaseModel.php(656): CodeIgniter\Model->doFirst()
#6 C:\Users\divka\peminjaman_barang-main\peminjaman_barang-main\app\Models\UserModel.php(15): CodeIgniter\BaseModel->first()
#7 C:\Users\divka\peminjaman_barang-main\peminjaman_barang-main\app\Controllers\UserController.php(39): App\Models\UserModel->getUserByUsername('panji@gmail.com')
#8 C:\Users\divka\peminjaman_barang-main\peminjaman_barang-main\system\CodeIgniter.php(932): App\Controllers\UserController->Login()
#9 C:\Users\divka\peminjaman_barang-main\peminjaman_barang-main\system\CodeIgniter.php(497): CodeIgniter\CodeIgniter->runController(Object(App\Controllers\UserController))
#10 C:\Users\divka\peminjaman_barang-main\peminjaman_barang-main\system\CodeIgniter.php(366): CodeIgniter\CodeIgniter->handleRequest(NULL, Object(Config\Cache), false)
#11 C:\Users\divka\peminjaman_barang-main\peminjaman_barang-main\public\index.php(67): CodeIgniter\CodeIgniter->run()
#12 C:\Users\divka\peminjaman_barang-main\peminjaman_barang-main\system\Commands\Server\rewrite.php(47): require_once('C:\\Users\\divka\\...')
#13 {main}

Next CodeIgniter\Database\Exceptions\DatabaseException: No connection could be made because the target machine actively refused it in C:\Users\divka\peminjaman_barang-main\peminjaman_barang-main\system\Database\MySQLi\Connection.php:218
Stack trace:
#0 C:\Users\divka\peminjaman_barang-main\peminjaman_barang-main\system\Database\BaseConnection.php(391): CodeIgniter\Database\MySQLi\Connection->connect(false)
#1 C:\Users\divka\peminjaman_barang-main\peminjaman_barang-main\system\Database\BaseConnection.php(574): CodeIgniter\Database\BaseConnection->initialize()
#2 C:\Users\divka\peminjaman_barang-main\peminjaman_barang-main\system\Database\BaseBuilder.php(1616): CodeIgniter\Database\BaseConnection->query('SELECT *\nFROM `...', Array, false)
#3 C:\Users\divka\peminjaman_barang-main\peminjaman_barang-main\system\Model.php(268): CodeIgniter\Database\BaseBuilder->get()
#4 C:\Users\divka\peminjaman_barang-main\peminjaman_barang-main\system\BaseModel.php(656): CodeIgniter\Model->doFirst()
#5 C:\Users\divka\peminjaman_barang-main\peminjaman_barang-main\app\Models\UserModel.php(15): CodeIgniter\BaseModel->first()
#6 C:\Users\divka\peminjaman_barang-main\peminjaman_barang-main\app\Controllers\UserController.php(39): App\Models\UserModel->getUserByUsername('panji@gmail.com')
#7 C:\Users\divka\peminjaman_barang-main\peminjaman_barang-main\system\CodeIgniter.php(932): App\Controllers\UserController->Login()
#8 C:\Users\divka\peminjaman_barang-main\peminjaman_barang-main\system\CodeIgniter.php(497): CodeIgniter\CodeIgniter->runController(Object(App\Controllers\UserController))
#9 C:\Users\divka\peminjaman_barang-main\peminjaman_barang-main\system\CodeIgniter.php(366): CodeIgniter\CodeIgniter->handleRequest(NULL, Object(Config\Cache), false)
#10 C:\Users\divka\peminjaman_barang-main\peminjaman_barang-main\public\index.php(67): CodeIgniter\CodeIgniter->run()
#11 C:\Users\divka\peminjaman_barang-main\peminjaman_barang-main\system\Commands\Server\rewrite.php(47): require_once('C:\\Users\\divka\\...')
#12 {main}
CRITICAL - 2023-07-25 07:25:28 --> Unable to connect to the database.
Main connection [MySQLi]: No connection could be made because the target machine actively refused it
in SYSTEMPATH\Database\BaseConnection.php on line 427.
 1 SYSTEMPATH\Database\BaseConnection.php(574): CodeIgniter\Database\BaseConnection->initialize()
 2 SYSTEMPATH\Database\BaseBuilder.php(1616): CodeIgniter\Database\BaseConnection->query('SELECT *
FROM `users`
WHERE `email` = :email:
 LIMIT 1', [...], false)
 3 SYSTEMPATH\Model.php(268): CodeIgniter\Database\BaseBuilder->get()
 4 SYSTEMPATH\BaseModel.php(656): CodeIgniter\Model->doFirst()
 5 APPPATH\Models\UserModel.php(15): CodeIgniter\BaseModel->first()
 6 APPPATH\Controllers\UserController.php(39): App\Models\UserModel->getUserByUsername('panji@gmail.com')
 7 SYSTEMPATH\CodeIgniter.php(932): App\Controllers\UserController->Login()
 8 SYSTEMPATH\CodeIgniter.php(497): CodeIgniter\CodeIgniter->runController(Object(App\Controllers\UserController))
 9 SYSTEMPATH\CodeIgniter.php(366): CodeIgniter\CodeIgniter->handleRequest(null, Object(Config\Cache), false)
10 FCPATH\index.php(67): CodeIgniter\CodeIgniter->run()
11 SYSTEMPATH\Commands\Server\rewrite.php(47): require_once('C:\\Users\\divka\\peminjaman_barang-main\\peminjaman_barang-main\\public\\index.php')
ERROR - 2023-07-25 07:26:01 --> Error connecting to the database: mysqli_sql_exception: Host 'localhost' is not allowed to connect to this MariaDB server in C:\Users\divka\peminjaman_barang-main\peminjaman_barang-main\system\Database\MySQLi\Connection.php:173
Stack trace:
#0 C:\Users\divka\peminjaman_barang-main\peminjaman_barang-main\system\Database\MySQLi\Connection.php(173): mysqli->real_connect('localhost', 'root', Object(SensitiveParameterValue), 'pwl_fp', 3306, '', 0)
#1 C:\Users\divka\peminjaman_barang-main\peminjaman_barang-main\system\Database\BaseConnection.php(391): CodeIgniter\Database\MySQLi\Connection->connect(false)
#2 C:\Users\divka\peminjaman_barang-main\peminjaman_barang-main\system\Database\BaseConnection.php(574): CodeIgniter\Database\BaseConnection->initialize()
#3 C:\Users\divka\peminjaman_barang-main\peminjaman_barang-main\system\Database\BaseBuilder.php(1616): CodeIgniter\Database\BaseConnection->query('SELECT *\nFROM `...', Array, false)
#4 C:\Users\divka\peminjaman_barang-main\peminjaman_barang-main\system\Model.php(268): CodeIgniter\Database\BaseBuilder->get()
#5 C:\Users\divka\peminjaman_barang-main\peminjaman_barang-main\system\BaseModel.php(656): CodeIgniter\Model->doFirst()
#6 C:\Users\divka\peminjaman_barang-main\peminjaman_barang-main\app\Models\UserModel.php(15): CodeIgniter\BaseModel->first()
#7 C:\Users\divka\peminjaman_barang-main\peminjaman_barang-main\app\Controllers\UserController.php(39): App\Models\UserModel->getUserByUsername('admin@gmail.com')
#8 C:\Users\divka\peminjaman_barang-main\peminjaman_barang-main\system\CodeIgniter.php(932): App\Controllers\UserController->Login()
#9 C:\Users\divka\peminjaman_barang-main\peminjaman_barang-main\system\CodeIgniter.php(497): CodeIgniter\CodeIgniter->runController(Object(App\Controllers\UserController))
#10 C:\Users\divka\peminjaman_barang-main\peminjaman_barang-main\system\CodeIgniter.php(366): CodeIgniter\CodeIgniter->handleRequest(NULL, Object(Config\Cache), false)
#11 C:\Users\divka\peminjaman_barang-main\peminjaman_barang-main\public\index.php(67): CodeIgniter\CodeIgniter->run()
#12 C:\Users\divka\peminjaman_barang-main\peminjaman_barang-main\system\Commands\Server\rewrite.php(47): require_once('C:\\Users\\divka\\...')
#13 {main}

Next CodeIgniter\Database\Exceptions\DatabaseException: Host 'localhost' is not allowed to connect to this MariaDB server in C:\Users\divka\peminjaman_barang-main\peminjaman_barang-main\system\Database\MySQLi\Connection.php:218
Stack trace:
#0 C:\Users\divka\peminjaman_barang-main\peminjaman_barang-main\system\Database\BaseConnection.php(391): CodeIgniter\Database\MySQLi\Connection->connect(false)
#1 C:\Users\divka\peminjaman_barang-main\peminjaman_barang-main\system\Database\BaseConnection.php(574): CodeIgniter\Database\BaseConnection->initialize()
#2 C:\Users\divka\peminjaman_barang-main\peminjaman_barang-main\system\Database\BaseBuilder.php(1616): CodeIgniter\Database\BaseConnection->query('SELECT *\nFROM `...', Array, false)
#3 C:\Users\divka\peminjaman_barang-main\peminjaman_barang-main\system\Model.php(268): CodeIgniter\Database\BaseBuilder->get()
#4 C:\Users\divka\peminjaman_barang-main\peminjaman_barang-main\system\BaseModel.php(656): CodeIgniter\Model->doFirst()
#5 C:\Users\divka\peminjaman_barang-main\peminjaman_barang-main\app\Models\UserModel.php(15): CodeIgniter\BaseModel->first()
#6 C:\Users\divka\peminjaman_barang-main\peminjaman_barang-main\app\Controllers\UserController.php(39): App\Models\UserModel->getUserByUsername('admin@gmail.com')
#7 C:\Users\divka\peminjaman_barang-main\peminjaman_barang-main\system\CodeIgniter.php(932): App\Controllers\UserController->Login()
#8 C:\Users\divka\peminjaman_barang-main\peminjaman_barang-main\system\CodeIgniter.php(497): CodeIgniter\CodeIgniter->runController(Object(App\Controllers\UserController))
#9 C:\Users\divka\peminjaman_barang-main\peminjaman_barang-main\system\CodeIgniter.php(366): CodeIgniter\CodeIgniter->handleRequest(NULL, Object(Config\Cache), false)
#10 C:\Users\divka\peminjaman_barang-main\peminjaman_barang-main\public\index.php(67): CodeIgniter\CodeIgniter->run()
#11 C:\Users\divka\peminjaman_barang-main\peminjaman_barang-main\system\Commands\Server\rewrite.php(47): require_once('C:\\Users\\divka\\...')
#12 {main}
CRITICAL - 2023-07-25 07:26:01 --> Unable to connect to the database.
Main connection [MySQLi]: Host 'localhost' is not allowed to connect to this MariaDB server
in SYSTEMPATH\Database\BaseConnection.php on line 427.
 1 SYSTEMPATH\Database\BaseConnection.php(574): CodeIgniter\Database\BaseConnection->initialize()
 2 SYSTEMPATH\Database\BaseBuilder.php(1616): CodeIgniter\Database\BaseConnection->query('SELECT *
FROM `users`
WHERE `email` = :email:
 LIMIT 1', [...], false)
 3 SYSTEMPATH\Model.php(268): CodeIgniter\Database\BaseBuilder->get()
 4 SYSTEMPATH\BaseModel.php(656): CodeIgniter\Model->doFirst()
 5 APPPATH\Models\UserModel.php(15): CodeIgniter\BaseModel->first()
 6 APPPATH\Controllers\UserController.php(39): App\Models\UserModel->getUserByUsername('admin@gmail.com')
 7 SYSTEMPATH\CodeIgniter.php(932): App\Controllers\UserController->Login()
 8 SYSTEMPATH\CodeIgniter.php(497): CodeIgniter\CodeIgniter->runController(Object(App\Controllers\UserController))
 9 SYSTEMPATH\CodeIgniter.php(366): CodeIgniter\CodeIgniter->handleRequest(null, Object(Config\Cache), false)
10 FCPATH\index.php(67): CodeIgniter\CodeIgniter->run()
11 SYSTEMPATH\Commands\Server\rewrite.php(47): require_once('C:\\Users\\divka\\peminjaman_barang-main\\peminjaman_barang-main\\public\\index.php')
ERROR - 2023-07-25 07:27:01 --> Error connecting to the database: mysqli_sql_exception: Host 'localhost' is not allowed to connect to this MariaDB server in C:\Users\divka\peminjaman_barang-main\peminjaman_barang-main\system\Database\MySQLi\Connection.php:173
Stack trace:
#0 C:\Users\divka\peminjaman_barang-main\peminjaman_barang-main\system\Database\MySQLi\Connection.php(173): mysqli->real_connect('localhost', 'root', Object(SensitiveParameterValue), 'pwl_fp', 3306, '', 0)
#1 C:\Users\divka\peminjaman_barang-main\peminjaman_barang-main\system\Database\BaseConnection.php(391): CodeIgniter\Database\MySQLi\Connection->connect(false)
#2 C:\Users\divka\peminjaman_barang-main\peminjaman_barang-main\system\Database\BaseConnection.php(574): CodeIgniter\Database\BaseConnection->initialize()
#3 C:\Users\divka\peminjaman_barang-main\peminjaman_barang-main\system\Database\BaseBuilder.php(1616): CodeIgniter\Database\BaseConnection->query('SELECT *\nFROM `...', Array, false)
#4 C:\Users\divka\peminjaman_barang-main\peminjaman_barang-main\system\Model.php(268): CodeIgniter\Database\BaseBuilder->get()
#5 C:\Users\divka\peminjaman_barang-main\peminjaman_barang-main\system\BaseModel.php(656): CodeIgniter\Model->doFirst()
#6 C:\Users\divka\peminjaman_barang-main\peminjaman_barang-main\app\Models\UserModel.php(15): CodeIgniter\BaseModel->first()
#7 C:\Users\divka\peminjaman_barang-main\peminjaman_barang-main\app\Controllers\UserController.php(39): App\Models\UserModel->getUserByUsername('admin@gmail.com')
#8 C:\Users\divka\peminjaman_barang-main\peminjaman_barang-main\system\CodeIgniter.php(932): App\Controllers\UserController->Login()
#9 C:\Users\divka\peminjaman_barang-main\peminjaman_barang-main\system\CodeIgniter.php(497): CodeIgniter\CodeIgniter->runController(Object(App\Controllers\UserController))
#10 C:\Users\divka\peminjaman_barang-main\peminjaman_barang-main\system\CodeIgniter.php(366): CodeIgniter\CodeIgniter->handleRequest(NULL, Object(Config\Cache), false)
#11 C:\Users\divka\peminjaman_barang-main\peminjaman_barang-main\public\index.php(67): CodeIgniter\CodeIgniter->run()
#12 C:\Users\divka\peminjaman_barang-main\peminjaman_barang-main\system\Commands\Server\rewrite.php(47): require_once('C:\\Users\\divka\\...')
#13 {main}

Next CodeIgniter\Database\Exceptions\DatabaseException: Host 'localhost' is not allowed to connect to this MariaDB server in C:\Users\divka\peminjaman_barang-main\peminjaman_barang-main\system\Database\MySQLi\Connection.php:218
Stack trace:
#0 C:\Users\divka\peminjaman_barang-main\peminjaman_barang-main\system\Database\BaseConnection.php(391): CodeIgniter\Database\MySQLi\Connection->connect(false)
#1 C:\Users\divka\peminjaman_barang-main\peminjaman_barang-main\system\Database\BaseConnection.php(574): CodeIgniter\Database\BaseConnection->initialize()
#2 C:\Users\divka\peminjaman_barang-main\peminjaman_barang-main\system\Database\BaseBuilder.php(1616): CodeIgniter\Database\BaseConnection->query('SELECT *\nFROM `...', Array, false)
#3 C:\Users\divka\peminjaman_barang-main\peminjaman_barang-main\system\Model.php(268): CodeIgniter\Database\BaseBuilder->get()
#4 C:\Users\divka\peminjaman_barang-main\peminjaman_barang-main\system\BaseModel.php(656): CodeIgniter\Model->doFirst()
#5 C:\Users\divka\peminjaman_barang-main\peminjaman_barang-main\app\Models\UserModel.php(15): CodeIgniter\BaseModel->first()
#6 C:\Users\divka\peminjaman_barang-main\peminjaman_barang-main\app\Controllers\UserController.php(39): App\Models\UserModel->getUserByUsername('admin@gmail.com')
#7 C:\Users\divka\peminjaman_barang-main\peminjaman_barang-main\system\CodeIgniter.php(932): App\Controllers\UserController->Login()
#8 C:\Users\divka\peminjaman_barang-main\peminjaman_barang-main\system\CodeIgniter.php(497): CodeIgniter\CodeIgniter->runController(Object(App\Controllers\UserController))
#9 C:\Users\divka\peminjaman_barang-main\peminjaman_barang-main\system\CodeIgniter.php(366): CodeIgniter\CodeIgniter->handleRequest(NULL, Object(Config\Cache), false)
#10 C:\Users\divka\peminjaman_barang-main\peminjaman_barang-main\public\index.php(67): CodeIgniter\CodeIgniter->run()
#11 C:\Users\divka\peminjaman_barang-main\peminjaman_barang-main\system\Commands\Server\rewrite.php(47): require_once('C:\\Users\\divka\\...')
#12 {main}
CRITICAL - 2023-07-25 07:27:01 --> Unable to connect to the database.
Main connection [MySQLi]: Host 'localhost' is not allowed to connect to this MariaDB server
in SYSTEMPATH\Database\BaseConnection.php on line 427.
 1 SYSTEMPATH\Database\BaseConnection.php(574): CodeIgniter\Database\BaseConnection->initialize()
 2 SYSTEMPATH\Database\BaseBuilder.php(1616): CodeIgniter\Database\BaseConnection->query('SELECT *
FROM `users`
WHERE `email` = :email:
 LIMIT 1', [...], false)
 3 SYSTEMPATH\Model.php(268): CodeIgniter\Database\BaseBuilder->get()
 4 SYSTEMPATH\BaseModel.php(656): CodeIgniter\Model->doFirst()
 5 APPPATH\Models\UserModel.php(15): CodeIgniter\BaseModel->first()
 6 APPPATH\Controllers\UserController.php(39): App\Models\UserModel->getUserByUsername('admin@gmail.com')
 7 SYSTEMPATH\CodeIgniter.php(932): App\Controllers\UserController->Login()
 8 SYSTEMPATH\CodeIgniter.php(497): CodeIgniter\CodeIgniter->runController(Object(App\Controllers\UserController))
 9 SYSTEMPATH\CodeIgniter.php(366): CodeIgniter\CodeIgniter->handleRequest(null, Object(Config\Cache), false)
10 FCPATH\index.php(67): CodeIgniter\CodeIgniter->run()
11 SYSTEMPATH\Commands\Server\rewrite.php(47): require_once('C:\\Users\\divka\\peminjaman_barang-main\\peminjaman_barang-main\\public\\index.php')
ERROR - 2023-07-25 07:27:17 --> Error connecting to the database: mysqli_sql_exception: Host 'localhost' is not allowed to connect to this MariaDB server in C:\Users\divka\peminjaman_barang-main\peminjaman_barang-main\system\Database\MySQLi\Connection.php:173
Stack trace:
#0 C:\Users\divka\peminjaman_barang-main\peminjaman_barang-main\system\Database\MySQLi\Connection.php(173): mysqli->real_connect('localhost', 'root', Object(SensitiveParameterValue), 'pwl_fp', 3306, '', 0)
#1 C:\Users\divka\peminjaman_barang-main\peminjaman_barang-main\system\Database\BaseConnection.php(391): CodeIgniter\Database\MySQLi\Connection->connect(false)
#2 C:\Users\divka\peminjaman_barang-main\peminjaman_barang-main\system\Database\BaseConnection.php(574): CodeIgniter\Database\BaseConnection->initialize()
#3 C:\Users\divka\peminjaman_barang-main\peminjaman_barang-main\system\Database\BaseBuilder.php(1616): CodeIgniter\Database\BaseConnection->query('SELECT *\nFROM `...', Array, false)
#4 C:\Users\divka\peminjaman_barang-main\peminjaman_barang-main\system\Model.php(268): CodeIgniter\Database\BaseBuilder->get()
#5 C:\Users\divka\peminjaman_barang-main\peminjaman_barang-main\system\BaseModel.php(656): CodeIgniter\Model->doFirst()
#6 C:\Users\divka\peminjaman_barang-main\peminjaman_barang-main\app\Models\UserModel.php(15): CodeIgniter\BaseModel->first()
#7 C:\Users\divka\peminjaman_barang-main\peminjaman_barang-main\app\Controllers\UserController.php(39): App\Models\UserModel->getUserByUsername('admin@gmail.com')
#8 C:\Users\divka\peminjaman_barang-main\peminjaman_barang-main\system\CodeIgniter.php(932): App\Controllers\UserController->Login()
#9 C:\Users\divka\peminjaman_barang-main\peminjaman_barang-main\system\CodeIgniter.php(497): CodeIgniter\CodeIgniter->runController(Object(App\Controllers\UserController))
#10 C:\Users\divka\peminjaman_barang-main\peminjaman_barang-main\system\CodeIgniter.php(366): CodeIgniter\CodeIgniter->handleRequest(NULL, Object(Config\Cache), false)
#11 C:\Users\divka\peminjaman_barang-main\peminjaman_barang-main\public\index.php(67): CodeIgniter\CodeIgniter->run()
#12 C:\Users\divka\peminjaman_barang-main\peminjaman_barang-main\system\Commands\Server\rewrite.php(47): require_once('C:\\Users\\divka\\...')
#13 {main}

Next CodeIgniter\Database\Exceptions\DatabaseException: Host 'localhost' is not allowed to connect to this MariaDB server in C:\Users\divka\peminjaman_barang-main\peminjaman_barang-main\system\Database\MySQLi\Connection.php:218
Stack trace:
#0 C:\Users\divka\peminjaman_barang-main\peminjaman_barang-main\system\Database\BaseConnection.php(391): CodeIgniter\Database\MySQLi\Connection->connect(false)
#1 C:\Users\divka\peminjaman_barang-main\peminjaman_barang-main\system\Database\BaseConnection.php(574): CodeIgniter\Database\BaseConnection->initialize()
#2 C:\Users\divka\peminjaman_barang-main\peminjaman_barang-main\system\Database\BaseBuilder.php(1616): CodeIgniter\Database\BaseConnection->query('SELECT *\nFROM `...', Array, false)
#3 C:\Users\divka\peminjaman_barang-main\peminjaman_barang-main\system\Model.php(268): CodeIgniter\Database\BaseBuilder->get()
#4 C:\Users\divka\peminjaman_barang-main\peminjaman_barang-main\system\BaseModel.php(656): CodeIgniter\Model->doFirst()
#5 C:\Users\divka\peminjaman_barang-main\peminjaman_barang-main\app\Models\UserModel.php(15): CodeIgniter\BaseModel->first()
#6 C:\Users\divka\peminjaman_barang-main\peminjaman_barang-main\app\Controllers\UserController.php(39): App\Models\UserModel->getUserByUsername('admin@gmail.com')
#7 C:\Users\divka\peminjaman_barang-main\peminjaman_barang-main\system\CodeIgniter.php(932): App\Controllers\UserController->Login()
#8 C:\Users\divka\peminjaman_barang-main\peminjaman_barang-main\system\CodeIgniter.php(497): CodeIgniter\CodeIgniter->runController(Object(App\Controllers\UserController))
#9 C:\Users\divka\peminjaman_barang-main\peminjaman_barang-main\system\CodeIgniter.php(366): CodeIgniter\CodeIgniter->handleRequest(NULL, Object(Config\Cache), false)
#10 C:\Users\divka\peminjaman_barang-main\peminjaman_barang-main\public\index.php(67): CodeIgniter\CodeIgniter->run()
#11 C:\Users\divka\peminjaman_barang-main\peminjaman_barang-main\system\Commands\Server\rewrite.php(47): require_once('C:\\Users\\divka\\...')
#12 {main}
CRITICAL - 2023-07-25 07:27:17 --> Unable to connect to the database.
Main connection [MySQLi]: Host 'localhost' is not allowed to connect to this MariaDB server
in SYSTEMPATH\Database\BaseConnection.php on line 427.
 1 SYSTEMPATH\Database\BaseConnection.php(574): CodeIgniter\Database\BaseConnection->initialize()
 2 SYSTEMPATH\Database\BaseBuilder.php(1616): CodeIgniter\Database\BaseConnection->query('SELECT *
FROM `users`
WHERE `email` = :email:
 LIMIT 1', [...], false)
 3 SYSTEMPATH\Model.php(268): CodeIgniter\Database\BaseBuilder->get()
 4 SYSTEMPATH\BaseModel.php(656): CodeIgniter\Model->doFirst()
 5 APPPATH\Models\UserModel.php(15): CodeIgniter\BaseModel->first()
 6 APPPATH\Controllers\UserController.php(39): App\Models\UserModel->getUserByUsername('admin@gmail.com')
 7 SYSTEMPATH\CodeIgniter.php(932): App\Controllers\UserController->Login()
 8 SYSTEMPATH\CodeIgniter.php(497): CodeIgniter\CodeIgniter->runController(Object(App\Controllers\UserController))
 9 SYSTEMPATH\CodeIgniter.php(366): CodeIgniter\CodeIgniter->handleRequest(null, Object(Config\Cache), false)
10 FCPATH\index.php(67): CodeIgniter\CodeIgniter->run()
11 SYSTEMPATH\Commands\Server\rewrite.php(47): require_once('C:\\Users\\divka\\peminjaman_barang-main\\peminjaman_barang-main\\public\\index.php')
