INFO - 2023-07-14 00:02:07 --> Session: Class initialized using 'CodeIgniter\Session\Handlers\FileHandler' driver.
INFO - 2023-07-14 00:02:18 --> Session: Class initialized using 'CodeIgniter\Session\Handlers\FileHandler' driver.
INFO - 2023-07-14 00:02:23 --> Session: Class initialized using 'CodeIgniter\Session\Handlers\FileHandler' driver.
INFO - 2023-07-14 00:03:39 --> Session: Class initialized using 'CodeIgniter\Session\Handlers\FileHandler' driver.
INFO - 2023-07-14 00:03:48 --> Session: Class initialized using 'CodeIgniter\Session\Handlers\FileHandler' driver.
INFO - 2023-07-14 00:04:20 --> Session: Class initialized using 'CodeIgniter\Session\Handlers\FileHandler' driver.
INFO - 2023-07-14 00:05:27 --> Session: Class initialized using 'CodeIgniter\Session\Handlers\FileHandler' driver.
INFO - 2023-07-14 00:05:37 --> Session: Class initialized using 'CodeIgniter\Session\Handlers\FileHandler' driver.
CRITICAL - 2023-07-14 08:07:29 --> The framework needs the following extension(s) installed and loaded: intl.
in SYSTEMPATH\CodeIgniter.php on line 226.
 1 SYSTEMPATH\CodeIgniter.php(226): CodeIgniter\Exceptions\FrameworkException::forMissingExtension('intl')
 2 SYSTEMPATH\CodeIgniter.php(190): CodeIgniter\CodeIgniter->resolvePlatformExtensions()
 3 ROOTPATH\spark(83): CodeIgniter\CodeIgniter->initialize()
ERROR - 2023-07-14 06:09:19 --> Error connecting to the database: mysqli_sql_exception: Unknown database 'pwl_fp' in C:\Users\divka\peminjaman_barang-main\peminjaman_barang-main\system\Database\MySQLi\Connection.php:173
Stack trace:
#0 C:\Users\divka\peminjaman_barang-main\peminjaman_barang-main\system\Database\MySQLi\Connection.php(173): mysqli->real_connect('localhost', 'root', Object(SensitiveParameterValue), 'pwl_fp', 3306, '', 0)
#1 C:\Users\divka\peminjaman_barang-main\peminjaman_barang-main\system\Database\BaseConnection.php(391): CodeIgniter\Database\MySQLi\Connection->connect(false)
#2 C:\Users\divka\peminjaman_barang-main\peminjaman_barang-main\system\Database\BaseConnection.php(574): CodeIgniter\Database\BaseConnection->initialize()
#3 C:\Users\divka\peminjaman_barang-main\peminjaman_barang-main\system\Database\BaseBuilder.php(1616): CodeIgniter\Database\BaseConnection->query('SELECT *\nFROM `...', Array, false)
#4 C:\Users\divka\peminjaman_barang-main\peminjaman_barang-main\system\Model.php(268): CodeIgniter\Database\BaseBuilder->get()
#5 C:\Users\divka\peminjaman_barang-main\peminjaman_barang-main\system\BaseModel.php(656): CodeIgniter\Model->doFirst()
#6 C:\Users\divka\peminjaman_barang-main\peminjaman_barang-main\app\Models\UserModel.php(15): CodeIgniter\BaseModel->first()
#7 C:\Users\divka\peminjaman_barang-main\peminjaman_barang-main\app\Controllers\UserController.php(39): App\Models\UserModel->getUserByUsername('panji@gmail.com')
#8 C:\Users\divka\peminjaman_barang-main\peminjaman_barang-main\system\CodeIgniter.php(932): App\Controllers\UserController->Login()
#9 C:\Users\divka\peminjaman_barang-main\peminjaman_barang-main\system\CodeIgniter.php(497): CodeIgniter\CodeIgniter->runController(Object(App\Controllers\UserController))
#10 C:\Users\divka\peminjaman_barang-main\peminjaman_barang-main\system\CodeIgniter.php(366): CodeIgniter\CodeIgniter->handleRequest(NULL, Object(Config\Cache), false)
#11 C:\Users\divka\peminjaman_barang-main\peminjaman_barang-main\public\index.php(67): CodeIgniter\CodeIgniter->run()
#12 C:\Users\divka\peminjaman_barang-main\peminjaman_barang-main\system\Commands\Server\rewrite.php(47): require_once('C:\\Users\\divka\\...')
#13 {main}

Next CodeIgniter\Database\Exceptions\DatabaseException: Unknown database 'pwl_fp' in C:\Users\divka\peminjaman_barang-main\peminjaman_barang-main\system\Database\MySQLi\Connection.php:218
Stack trace:
#0 C:\Users\divka\peminjaman_barang-main\peminjaman_barang-main\system\Database\BaseConnection.php(391): CodeIgniter\Database\MySQLi\Connection->connect(false)
#1 C:\Users\divka\peminjaman_barang-main\peminjaman_barang-main\system\Database\BaseConnection.php(574): CodeIgniter\Database\BaseConnection->initialize()
#2 C:\Users\divka\peminjaman_barang-main\peminjaman_barang-main\system\Database\BaseBuilder.php(1616): CodeIgniter\Database\BaseConnection->query('SELECT *\nFROM `...', Array, false)
#3 C:\Users\divka\peminjaman_barang-main\peminjaman_barang-main\system\Model.php(268): CodeIgniter\Database\BaseBuilder->get()
#4 C:\Users\divka\peminjaman_barang-main\peminjaman_barang-main\system\BaseModel.php(656): CodeIgniter\Model->doFirst()
#5 C:\Users\divka\peminjaman_barang-main\peminjaman_barang-main\app\Models\UserModel.php(15): CodeIgniter\BaseModel->first()
#6 C:\Users\divka\peminjaman_barang-main\peminjaman_barang-main\app\Controllers\UserController.php(39): App\Models\UserModel->getUserByUsername('panji@gmail.com')
#7 C:\Users\divka\peminjaman_barang-main\peminjaman_barang-main\system\CodeIgniter.php(932): App\Controllers\UserController->Login()
#8 C:\Users\divka\peminjaman_barang-main\peminjaman_barang-main\system\CodeIgniter.php(497): CodeIgniter\CodeIgniter->runController(Object(App\Controllers\UserController))
#9 C:\Users\divka\peminjaman_barang-main\peminjaman_barang-main\system\CodeIgniter.php(366): CodeIgniter\CodeIgniter->handleRequest(NULL, Object(Config\Cache), false)
#10 C:\Users\divka\peminjaman_barang-main\peminjaman_barang-main\public\index.php(67): CodeIgniter\CodeIgniter->run()
#11 C:\Users\divka\peminjaman_barang-main\peminjaman_barang-main\system\Commands\Server\rewrite.php(47): require_once('C:\\Users\\divka\\...')
#12 {main}
CRITICAL - 2023-07-14 06:09:19 --> Unable to connect to the database.
Main connection [MySQLi]: Unknown database 'pwl_fp'
in SYSTEMPATH\Database\BaseConnection.php on line 427.
 1 SYSTEMPATH\Database\BaseConnection.php(574): CodeIgniter\Database\BaseConnection->initialize()
 2 SYSTEMPATH\Database\BaseBuilder.php(1616): CodeIgniter\Database\BaseConnection->query('SELECT *
FROM `users`
WHERE `email` = :email:
 LIMIT 1', [...], false)
 3 SYSTEMPATH\Model.php(268): CodeIgniter\Database\BaseBuilder->get()
 4 SYSTEMPATH\BaseModel.php(656): CodeIgniter\Model->doFirst()
 5 APPPATH\Models\UserModel.php(15): CodeIgniter\BaseModel->first()
 6 APPPATH\Controllers\UserController.php(39): App\Models\UserModel->getUserByUsername('panji@gmail.com')
 7 SYSTEMPATH\CodeIgniter.php(932): App\Controllers\UserController->Login()
 8 SYSTEMPATH\CodeIgniter.php(497): CodeIgniter\CodeIgniter->runController(Object(App\Controllers\UserController))
 9 SYSTEMPATH\CodeIgniter.php(366): CodeIgniter\CodeIgniter->handleRequest(null, Object(Config\Cache), false)
10 FCPATH\index.php(67): CodeIgniter\CodeIgniter->run()
11 SYSTEMPATH\Commands\Server\rewrite.php(47): require_once('C:\\Users\\divka\\peminjaman_barang-main\\peminjaman_barang-main\\public\\index.php')
ERROR - 2023-07-14 06:11:28 --> Error connecting to the database: mysqli_sql_exception: Unknown database 'pwl_fp' in C:\Users\divka\peminjaman_barang-main\peminjaman_barang-main\system\Database\MySQLi\Connection.php:173
Stack trace:
#0 C:\Users\divka\peminjaman_barang-main\peminjaman_barang-main\system\Database\MySQLi\Connection.php(173): mysqli->real_connect('localhost', 'root', Object(SensitiveParameterValue), 'pwl_fp', 3306, '', 0)
#1 C:\Users\divka\peminjaman_barang-main\peminjaman_barang-main\system\Database\BaseConnection.php(391): CodeIgniter\Database\MySQLi\Connection->connect(false)
#2 C:\Users\divka\peminjaman_barang-main\peminjaman_barang-main\system\Database\BaseConnection.php(574): CodeIgniter\Database\BaseConnection->initialize()
#3 C:\Users\divka\peminjaman_barang-main\peminjaman_barang-main\system\Database\BaseBuilder.php(1616): CodeIgniter\Database\BaseConnection->query('SELECT 1\nFROM `...', Array, false)
#4 C:\Users\divka\peminjaman_barang-main\peminjaman_barang-main\system\Validation\StrictRules\Rules.php(206): CodeIgniter\Database\BaseBuilder->get()
#5 C:\Users\divka\peminjaman_barang-main\peminjaman_barang-main\system\Validation\Validation.php(278): CodeIgniter\Validation\StrictRules\Rules->is_unique('panji@gmail.com', 'email', Array, NULL, 'email')
#6 C:\Users\divka\peminjaman_barang-main\peminjaman_barang-main\system\Validation\Validation.php(182): CodeIgniter\Validation\Validation->processRules('email', 'email', 'panji@gmail.com', Array, Array)
#7 C:\Users\divka\peminjaman_barang-main\peminjaman_barang-main\system\Controller.php(140): CodeIgniter\Validation\Validation->run()
#8 C:\Users\divka\peminjaman_barang-main\peminjaman_barang-main\app\Controllers\UserController.php(76): CodeIgniter\Controller->validate(Array)
#9 C:\Users\divka\peminjaman_barang-main\peminjaman_barang-main\system\CodeIgniter.php(932): App\Controllers\UserController->SignUp()
#10 C:\Users\divka\peminjaman_barang-main\peminjaman_barang-main\system\CodeIgniter.php(497): CodeIgniter\CodeIgniter->runController(Object(App\Controllers\UserController))
#11 C:\Users\divka\peminjaman_barang-main\peminjaman_barang-main\system\CodeIgniter.php(366): CodeIgniter\CodeIgniter->handleRequest(NULL, Object(Config\Cache), false)
#12 C:\Users\divka\peminjaman_barang-main\peminjaman_barang-main\public\index.php(67): CodeIgniter\CodeIgniter->run()
#13 C:\Users\divka\peminjaman_barang-main\peminjaman_barang-main\system\Commands\Server\rewrite.php(47): require_once('C:\\Users\\divka\\...')
#14 {main}

Next CodeIgniter\Database\Exceptions\DatabaseException: Unknown database 'pwl_fp' in C:\Users\divka\peminjaman_barang-main\peminjaman_barang-main\system\Database\MySQLi\Connection.php:218
Stack trace:
#0 C:\Users\divka\peminjaman_barang-main\peminjaman_barang-main\system\Database\BaseConnection.php(391): CodeIgniter\Database\MySQLi\Connection->connect(false)
#1 C:\Users\divka\peminjaman_barang-main\peminjaman_barang-main\system\Database\BaseConnection.php(574): CodeIgniter\Database\BaseConnection->initialize()
#2 C:\Users\divka\peminjaman_barang-main\peminjaman_barang-main\system\Database\BaseBuilder.php(1616): CodeIgniter\Database\BaseConnection->query('SELECT 1\nFROM `...', Array, false)
#3 C:\Users\divka\peminjaman_barang-main\peminjaman_barang-main\system\Validation\StrictRules\Rules.php(206): CodeIgniter\Database\BaseBuilder->get()
#4 C:\Users\divka\peminjaman_barang-main\peminjaman_barang-main\system\Validation\Validation.php(278): CodeIgniter\Validation\StrictRules\Rules->is_unique('panji@gmail.com', 'email', Array, NULL, 'email')
#5 C:\Users\divka\peminjaman_barang-main\peminjaman_barang-main\system\Validation\Validation.php(182): CodeIgniter\Validation\Validation->processRules('email', 'email', 'panji@gmail.com', Array, Array)
#6 C:\Users\divka\peminjaman_barang-main\peminjaman_barang-main\system\Controller.php(140): CodeIgniter\Validation\Validation->run()
#7 C:\Users\divka\peminjaman_barang-main\peminjaman_barang-main\app\Controllers\UserController.php(76): CodeIgniter\Controller->validate(Array)
#8 C:\Users\divka\peminjaman_barang-main\peminjaman_barang-main\system\CodeIgniter.php(932): App\Controllers\UserController->SignUp()
#9 C:\Users\divka\peminjaman_barang-main\peminjaman_barang-main\system\CodeIgniter.php(497): CodeIgniter\CodeIgniter->runController(Object(App\Controllers\UserController))
#10 C:\Users\divka\peminjaman_barang-main\peminjaman_barang-main\system\CodeIgniter.php(366): CodeIgniter\CodeIgniter->handleRequest(NULL, Object(Config\Cache), false)
#11 C:\Users\divka\peminjaman_barang-main\peminjaman_barang-main\public\index.php(67): CodeIgniter\CodeIgniter->run()
#12 C:\Users\divka\peminjaman_barang-main\peminjaman_barang-main\system\Commands\Server\rewrite.php(47): require_once('C:\\Users\\divka\\...')
#13 {main}
CRITICAL - 2023-07-14 06:11:28 --> Unable to connect to the database.
Main connection [MySQLi]: Unknown database 'pwl_fp'
in SYSTEMPATH\Database\BaseConnection.php on line 427.
 1 SYSTEMPATH\Database\BaseConnection.php(574): CodeIgniter\Database\BaseConnection->initialize()
 2 SYSTEMPATH\Database\BaseBuilder.php(1616): CodeIgniter\Database\BaseConnection->query('SELECT 1
FROM `users`
WHERE `email` = :email:
 LIMIT 1', [...], false)
 3 SYSTEMPATH\Validation\StrictRules\Rules.php(206): CodeIgniter\Database\BaseBuilder->get()
 4 SYSTEMPATH\Validation\Validation.php(278): CodeIgniter\Validation\StrictRules\Rules->is_unique('panji@gmail.com', 'email', [...], null, 'email')
 5 SYSTEMPATH\Validation\Validation.php(182): CodeIgniter\Validation\Validation->processRules('email', 'email', 'panji@gmail.com', [...], [...])
 6 SYSTEMPATH\Controller.php(140): CodeIgniter\Validation\Validation->run()
 7 APPPATH\Controllers\UserController.php(76): CodeIgniter\Controller->validate([...])
 8 SYSTEMPATH\CodeIgniter.php(932): App\Controllers\UserController->SignUp()
 9 SYSTEMPATH\CodeIgniter.php(497): CodeIgniter\CodeIgniter->runController(Object(App\Controllers\UserController))
10 SYSTEMPATH\CodeIgniter.php(366): CodeIgniter\CodeIgniter->handleRequest(null, Object(Config\Cache), false)
11 FCPATH\index.php(67): CodeIgniter\CodeIgniter->run()
12 SYSTEMPATH\Commands\Server\rewrite.php(47): require_once('C:\\Users\\divka\\peminjaman_barang-main\\peminjaman_barang-main\\public\\index.php')
ERROR - 2023-07-14 06:14:32 --> Error connecting to the database: mysqli_sql_exception: Unknown database 'pwl_fp' in C:\Users\divka\peminjaman_barang-main\peminjaman_barang-main\system\Database\MySQLi\Connection.php:173
Stack trace:
#0 C:\Users\divka\peminjaman_barang-main\peminjaman_barang-main\system\Database\MySQLi\Connection.php(173): mysqli->real_connect('localhost', 'root', Object(SensitiveParameterValue), 'pwl_fp', 3306, '', 0)
#1 C:\Users\divka\peminjaman_barang-main\peminjaman_barang-main\system\Database\BaseConnection.php(391): CodeIgniter\Database\MySQLi\Connection->connect(false)
#2 C:\Users\divka\peminjaman_barang-main\peminjaman_barang-main\system\Database\BaseConnection.php(574): CodeIgniter\Database\BaseConnection->initialize()
#3 C:\Users\divka\peminjaman_barang-main\peminjaman_barang-main\system\Database\BaseBuilder.php(1616): CodeIgniter\Database\BaseConnection->query('SELECT 1\nFROM `...', Array, false)
#4 C:\Users\divka\peminjaman_barang-main\peminjaman_barang-main\system\Validation\StrictRules\Rules.php(206): CodeIgniter\Database\BaseBuilder->get()
#5 C:\Users\divka\peminjaman_barang-main\peminjaman_barang-main\system\Validation\Validation.php(278): CodeIgniter\Validation\StrictRules\Rules->is_unique('panji@gmail.com', 'email', Array, NULL, 'email')
#6 C:\Users\divka\peminjaman_barang-main\peminjaman_barang-main\system\Validation\Validation.php(182): CodeIgniter\Validation\Validation->processRules('email', 'email', 'panji@gmail.com', Array, Array)
#7 C:\Users\divka\peminjaman_barang-main\peminjaman_barang-main\system\Controller.php(140): CodeIgniter\Validation\Validation->run()
#8 C:\Users\divka\peminjaman_barang-main\peminjaman_barang-main\app\Controllers\UserController.php(76): CodeIgniter\Controller->validate(Array)
#9 C:\Users\divka\peminjaman_barang-main\peminjaman_barang-main\system\CodeIgniter.php(932): App\Controllers\UserController->SignUp()
#10 C:\Users\divka\peminjaman_barang-main\peminjaman_barang-main\system\CodeIgniter.php(497): CodeIgniter\CodeIgniter->runController(Object(App\Controllers\UserController))
#11 C:\Users\divka\peminjaman_barang-main\peminjaman_barang-main\system\CodeIgniter.php(366): CodeIgniter\CodeIgniter->handleRequest(NULL, Object(Config\Cache), false)
#12 C:\Users\divka\peminjaman_barang-main\peminjaman_barang-main\public\index.php(67): CodeIgniter\CodeIgniter->run()
#13 C:\Users\divka\peminjaman_barang-main\peminjaman_barang-main\system\Commands\Server\rewrite.php(47): require_once('C:\\Users\\divka\\...')
#14 {main}

Next CodeIgniter\Database\Exceptions\DatabaseException: Unknown database 'pwl_fp' in C:\Users\divka\peminjaman_barang-main\peminjaman_barang-main\system\Database\MySQLi\Connection.php:218
Stack trace:
#0 C:\Users\divka\peminjaman_barang-main\peminjaman_barang-main\system\Database\BaseConnection.php(391): CodeIgniter\Database\MySQLi\Connection->connect(false)
#1 C:\Users\divka\peminjaman_barang-main\peminjaman_barang-main\system\Database\BaseConnection.php(574): CodeIgniter\Database\BaseConnection->initialize()
#2 C:\Users\divka\peminjaman_barang-main\peminjaman_barang-main\system\Database\BaseBuilder.php(1616): CodeIgniter\Database\BaseConnection->query('SELECT 1\nFROM `...', Array, false)
#3 C:\Users\divka\peminjaman_barang-main\peminjaman_barang-main\system\Validation\StrictRules\Rules.php(206): CodeIgniter\Database\BaseBuilder->get()
#4 C:\Users\divka\peminjaman_barang-main\peminjaman_barang-main\system\Validation\Validation.php(278): CodeIgniter\Validation\StrictRules\Rules->is_unique('panji@gmail.com', 'email', Array, NULL, 'email')
#5 C:\Users\divka\peminjaman_barang-main\peminjaman_barang-main\system\Validation\Validation.php(182): CodeIgniter\Validation\Validation->processRules('email', 'email', 'panji@gmail.com', Array, Array)
#6 C:\Users\divka\peminjaman_barang-main\peminjaman_barang-main\system\Controller.php(140): CodeIgniter\Validation\Validation->run()
#7 C:\Users\divka\peminjaman_barang-main\peminjaman_barang-main\app\Controllers\UserController.php(76): CodeIgniter\Controller->validate(Array)
#8 C:\Users\divka\peminjaman_barang-main\peminjaman_barang-main\system\CodeIgniter.php(932): App\Controllers\UserController->SignUp()
#9 C:\Users\divka\peminjaman_barang-main\peminjaman_barang-main\system\CodeIgniter.php(497): CodeIgniter\CodeIgniter->runController(Object(App\Controllers\UserController))
#10 C:\Users\divka\peminjaman_barang-main\peminjaman_barang-main\system\CodeIgniter.php(366): CodeIgniter\CodeIgniter->handleRequest(NULL, Object(Config\Cache), false)
#11 C:\Users\divka\peminjaman_barang-main\peminjaman_barang-main\public\index.php(67): CodeIgniter\CodeIgniter->run()
#12 C:\Users\divka\peminjaman_barang-main\peminjaman_barang-main\system\Commands\Server\rewrite.php(47): require_once('C:\\Users\\divka\\...')
#13 {main}
CRITICAL - 2023-07-14 06:14:32 --> Unable to connect to the database.
Main connection [MySQLi]: Unknown database 'pwl_fp'
in SYSTEMPATH\Database\BaseConnection.php on line 427.
 1 SYSTEMPATH\Database\BaseConnection.php(574): CodeIgniter\Database\BaseConnection->initialize()
 2 SYSTEMPATH\Database\BaseBuilder.php(1616): CodeIgniter\Database\BaseConnection->query('SELECT 1
FROM `users`
WHERE `email` = :email:
 LIMIT 1', [...], false)
 3 SYSTEMPATH\Validation\StrictRules\Rules.php(206): CodeIgniter\Database\BaseBuilder->get()
 4 SYSTEMPATH\Validation\Validation.php(278): CodeIgniter\Validation\StrictRules\Rules->is_unique('panji@gmail.com', 'email', [...], null, 'email')
 5 SYSTEMPATH\Validation\Validation.php(182): CodeIgniter\Validation\Validation->processRules('email', 'email', 'panji@gmail.com', [...], [...])
 6 SYSTEMPATH\Controller.php(140): CodeIgniter\Validation\Validation->run()
 7 APPPATH\Controllers\UserController.php(76): CodeIgniter\Controller->validate([...])
 8 SYSTEMPATH\CodeIgniter.php(932): App\Controllers\UserController->SignUp()
 9 SYSTEMPATH\CodeIgniter.php(497): CodeIgniter\CodeIgniter->runController(Object(App\Controllers\UserController))
10 SYSTEMPATH\CodeIgniter.php(366): CodeIgniter\CodeIgniter->handleRequest(null, Object(Config\Cache), false)
11 FCPATH\index.php(67): CodeIgniter\CodeIgniter->run()
12 SYSTEMPATH\Commands\Server\rewrite.php(47): require_once('C:\\Users\\divka\\peminjaman_barang-main\\peminjaman_barang-main\\public\\index.php')
INFO - 2023-07-14 06:25:48 --> Session: Class initialized using 'CodeIgniter\Session\Handlers\FileHandler' driver.
INFO - 2023-07-14 06:25:58 --> Session: Class initialized using 'CodeIgniter\Session\Handlers\FileHandler' driver.
INFO - 2023-07-14 06:27:37 --> Session: Class initialized using 'CodeIgniter\Session\Handlers\FileHandler' driver.
INFO - 2023-07-14 06:29:49 --> Session: Class initialized using 'CodeIgniter\Session\Handlers\FileHandler' driver.
CRITICAL - 2023-07-14 06:41:19 --> Namespace declaration statement has to be the very first statement or after any declare call in the script
in APPPATH\Config\Security.php on line 4.
 1 [internal function]: CodeIgniter\Debug\Exceptions->shutdownHandler()
INFO - 2023-07-14 06:41:29 --> Session: Class initialized using 'CodeIgniter\Session\Handlers\FileHandler' driver.
CRITICAL - 2023-07-14 06:41:30 --> Namespace declaration statement has to be the very first statement or after any declare call in the script
in APPPATH\Config\Security.php on line 4.
 1 [internal function]: CodeIgniter\Debug\Exceptions->shutdownHandler()
CRITICAL - 2023-07-14 07:01:57 --> Namespace declaration statement has to be the very first statement or after any declare call in the script
in APPPATH\Config\Security.php on line 4.
 1 [internal function]: CodeIgniter\Debug\Exceptions->shutdownHandler()
CRITICAL - 2023-07-14 07:01:59 --> Namespace declaration statement has to be the very first statement or after any declare call in the script
in APPPATH\Config\Security.php on line 4.
 1 [internal function]: CodeIgniter\Debug\Exceptions->shutdownHandler()
CRITICAL - 2023-07-14 07:02:04 --> Namespace declaration statement has to be the very first statement or after any declare call in the script
in APPPATH\Config\Security.php on line 4.
 1 [internal function]: CodeIgniter\Debug\Exceptions->shutdownHandler()
CRITICAL - 2023-07-14 07:02:06 --> Namespace declaration statement has to be the very first statement or after any declare call in the script
in APPPATH\Config\Security.php on line 4.
 1 [internal function]: CodeIgniter\Debug\Exceptions->shutdownHandler()
CRITICAL - 2023-07-14 07:02:08 --> Namespace declaration statement has to be the very first statement or after any declare call in the script
in APPPATH\Config\Security.php on line 4.
 1 [internal function]: CodeIgniter\Debug\Exceptions->shutdownHandler()
CRITICAL - 2023-07-14 07:02:11 --> Namespace declaration statement has to be the very first statement or after any declare call in the script
in APPPATH\Config\Security.php on line 4.
 1 [internal function]: CodeIgniter\Debug\Exceptions->shutdownHandler()
CRITICAL - 2023-07-14 07:04:54 --> Namespace declaration statement has to be the very first statement or after any declare call in the script
in APPPATH\Config\Security.php on line 4.
 1 [internal function]: CodeIgniter\Debug\Exceptions->shutdownHandler()
CRITICAL - 2023-07-14 07:04:58 --> Namespace declaration statement has to be the very first statement or after any declare call in the script
in APPPATH\Config\Security.php on line 4.
 1 [internal function]: CodeIgniter\Debug\Exceptions->shutdownHandler()
CRITICAL - 2023-07-14 07:05:09 --> Namespace declaration statement has to be the very first statement or after any declare call in the script
in APPPATH\Config\Security.php on line 4.
 1 [internal function]: CodeIgniter\Debug\Exceptions->shutdownHandler()
CRITICAL - 2023-07-14 07:05:11 --> Namespace declaration statement has to be the very first statement or after any declare call in the script
in APPPATH\Config\Security.php on line 4.
 1 [internal function]: CodeIgniter\Debug\Exceptions->shutdownHandler()
CRITICAL - 2023-07-14 07:05:15 --> Namespace declaration statement has to be the very first statement or after any declare call in the script
in APPPATH\Config\Security.php on line 4.
 1 [internal function]: CodeIgniter\Debug\Exceptions->shutdownHandler()
CRITICAL - 2023-07-14 07:05:17 --> Namespace declaration statement has to be the very first statement or after any declare call in the script
in APPPATH\Config\Security.php on line 4.
 1 [internal function]: CodeIgniter\Debug\Exceptions->shutdownHandler()
CRITICAL - 2023-07-14 07:05:19 --> Namespace declaration statement has to be the very first statement or after any declare call in the script
in APPPATH\Config\Security.php on line 4.
 1 [internal function]: CodeIgniter\Debug\Exceptions->shutdownHandler()
CRITICAL - 2023-07-14 07:18:46 --> Namespace declaration statement has to be the very first statement or after any declare call in the script
in APPPATH\Config\Security.php on line 4.
 1 [internal function]: CodeIgniter\Debug\Exceptions->shutdownHandler()
CRITICAL - 2023-07-14 07:18:47 --> Namespace declaration statement has to be the very first statement or after any declare call in the script
in APPPATH\Config\Security.php on line 4.
 1 [internal function]: CodeIgniter\Debug\Exceptions->shutdownHandler()
CRITICAL - 2023-07-14 07:18:49 --> Namespace declaration statement has to be the very first statement or after any declare call in the script
in APPPATH\Config\Security.php on line 4.
 1 [internal function]: CodeIgniter\Debug\Exceptions->shutdownHandler()
CRITICAL - 2023-07-14 07:18:51 --> Namespace declaration statement has to be the very first statement or after any declare call in the script
in APPPATH\Config\Security.php on line 4.
 1 [internal function]: CodeIgniter\Debug\Exceptions->shutdownHandler()
INFO - 2023-07-14 07:18:53 --> Session: Class initialized using 'CodeIgniter\Session\Handlers\FileHandler' driver.
CRITICAL - 2023-07-14 07:18:54 --> Namespace declaration statement has to be the very first statement or after any declare call in the script
in APPPATH\Config\Security.php on line 4.
 1 [internal function]: CodeIgniter\Debug\Exceptions->shutdownHandler()
INFO - 2023-07-14 07:19:03 --> Session: Class initialized using 'CodeIgniter\Session\Handlers\FileHandler' driver.
CRITICAL - 2023-07-14 07:19:04 --> Namespace declaration statement has to be the very first statement or after any declare call in the script
in APPPATH\Config\Security.php on line 4.
 1 [internal function]: CodeIgniter\Debug\Exceptions->shutdownHandler()
CRITICAL - 2023-07-14 07:19:12 --> Namespace declaration statement has to be the very first statement or after any declare call in the script
in APPPATH\Config\Security.php on line 4.
 1 [internal function]: CodeIgniter\Debug\Exceptions->shutdownHandler()
CRITICAL - 2023-07-14 07:56:13 --> Namespace declaration statement has to be the very first statement or after any declare call in the script
in APPPATH\Config\Security.php on line 4.
 1 [internal function]: CodeIgniter\Debug\Exceptions->shutdownHandler()
CRITICAL - 2023-07-14 07:56:25 --> Namespace declaration statement has to be the very first statement or after any declare call in the script
in APPPATH\Config\Security.php on line 4.
 1 [internal function]: CodeIgniter\Debug\Exceptions->shutdownHandler()
CRITICAL - 2023-07-14 07:56:27 --> Namespace declaration statement has to be the very first statement or after any declare call in the script
in APPPATH\Config\Security.php on line 4.
 1 [internal function]: CodeIgniter\Debug\Exceptions->shutdownHandler()
CRITICAL - 2023-07-14 07:56:43 --> Namespace declaration statement has to be the very first statement or after any declare call in the script
in APPPATH\Config\Security.php on line 4.
 1 [internal function]: CodeIgniter\Debug\Exceptions->shutdownHandler()
INFO - 2023-07-14 07:56:55 --> Session: Class initialized using 'CodeIgniter\Session\Handlers\FileHandler' driver.
CRITICAL - 2023-07-14 07:56:55 --> Namespace declaration statement has to be the very first statement or after any declare call in the script
in APPPATH\Config\Security.php on line 4.
 1 [internal function]: CodeIgniter\Debug\Exceptions->shutdownHandler()
INFO - 2023-07-14 07:57:11 --> Session: Class initialized using 'CodeIgniter\Session\Handlers\FileHandler' driver.
CRITICAL - 2023-07-14 07:57:12 --> Namespace declaration statement has to be the very first statement or after any declare call in the script
in APPPATH\Config\Security.php on line 4.
 1 [internal function]: CodeIgniter\Debug\Exceptions->shutdownHandler()
CRITICAL - 2023-07-14 07:57:16 --> Namespace declaration statement has to be the very first statement or after any declare call in the script
in APPPATH\Config\Security.php on line 4.
 1 [internal function]: CodeIgniter\Debug\Exceptions->shutdownHandler()
CRITICAL - 2023-07-14 07:57:18 --> Namespace declaration statement has to be the very first statement or after any declare call in the script
in APPPATH\Config\Security.php on line 4.
 1 [internal function]: CodeIgniter\Debug\Exceptions->shutdownHandler()
CRITICAL - 2023-07-14 07:57:22 --> Namespace declaration statement has to be the very first statement or after any declare call in the script
in APPPATH\Config\Security.php on line 4.
 1 [internal function]: CodeIgniter\Debug\Exceptions->shutdownHandler()
CRITICAL - 2023-07-14 07:57:24 --> Namespace declaration statement has to be the very first statement or after any declare call in the script
in APPPATH\Config\Security.php on line 4.
 1 [internal function]: CodeIgniter\Debug\Exceptions->shutdownHandler()
CRITICAL - 2023-07-14 07:57:27 --> Namespace declaration statement has to be the very first statement or after any declare call in the script
in APPPATH\Config\Security.php on line 4.
 1 [internal function]: CodeIgniter\Debug\Exceptions->shutdownHandler()
CRITICAL - 2023-07-14 07:57:29 --> Namespace declaration statement has to be the very first statement or after any declare call in the script
in APPPATH\Config\Security.php on line 4.
 1 [internal function]: CodeIgniter\Debug\Exceptions->shutdownHandler()
CRITICAL - 2023-07-14 07:57:33 --> Namespace declaration statement has to be the very first statement or after any declare call in the script
in APPPATH\Config\Security.php on line 4.
 1 [internal function]: CodeIgniter\Debug\Exceptions->shutdownHandler()
CRITICAL - 2023-07-14 07:57:36 --> Namespace declaration statement has to be the very first statement or after any declare call in the script
in APPPATH\Config\Security.php on line 4.
 1 [internal function]: CodeIgniter\Debug\Exceptions->shutdownHandler()
CRITICAL - 2023-07-14 07:57:38 --> Namespace declaration statement has to be the very first statement or after any declare call in the script
in APPPATH\Config\Security.php on line 4.
 1 [internal function]: CodeIgniter\Debug\Exceptions->shutdownHandler()
CRITICAL - 2023-07-14 07:57:44 --> Namespace declaration statement has to be the very first statement or after any declare call in the script
in APPPATH\Config\Security.php on line 4.
 1 [internal function]: CodeIgniter\Debug\Exceptions->shutdownHandler()
CRITICAL - 2023-07-14 07:57:45 --> Namespace declaration statement has to be the very first statement or after any declare call in the script
in APPPATH\Config\Security.php on line 4.
 1 [internal function]: CodeIgniter\Debug\Exceptions->shutdownHandler()
CRITICAL - 2023-07-14 07:57:47 --> Namespace declaration statement has to be the very first statement or after any declare call in the script
in APPPATH\Config\Security.php on line 4.
 1 [internal function]: CodeIgniter\Debug\Exceptions->shutdownHandler()
CRITICAL - 2023-07-14 07:57:48 --> Namespace declaration statement has to be the very first statement or after any declare call in the script
in APPPATH\Config\Security.php on line 4.
 1 [internal function]: CodeIgniter\Debug\Exceptions->shutdownHandler()
CRITICAL - 2023-07-14 07:57:49 --> Namespace declaration statement has to be the very first statement or after any declare call in the script
in APPPATH\Config\Security.php on line 4.
 1 [internal function]: CodeIgniter\Debug\Exceptions->shutdownHandler()
CRITICAL - 2023-07-14 07:57:49 --> Namespace declaration statement has to be the very first statement or after any declare call in the script
in APPPATH\Config\Security.php on line 4.
 1 [internal function]: CodeIgniter\Debug\Exceptions->shutdownHandler()
INFO - 2023-07-14 07:58:02 --> Session: Class initialized using 'CodeIgniter\Session\Handlers\FileHandler' driver.
CRITICAL - 2023-07-14 07:58:03 --> Namespace declaration statement has to be the very first statement or after any declare call in the script
in APPPATH\Config\Security.php on line 4.
 1 [internal function]: CodeIgniter\Debug\Exceptions->shutdownHandler()
CRITICAL - 2023-07-14 07:58:10 --> Namespace declaration statement has to be the very first statement or after any declare call in the script
in APPPATH\Config\Security.php on line 4.
 1 [internal function]: CodeIgniter\Debug\Exceptions->shutdownHandler()
CRITICAL - 2023-07-14 07:58:12 --> Namespace declaration statement has to be the very first statement or after any declare call in the script
in APPPATH\Config\Security.php on line 4.
 1 [internal function]: CodeIgniter\Debug\Exceptions->shutdownHandler()
CRITICAL - 2023-07-14 07:58:14 --> Namespace declaration statement has to be the very first statement or after any declare call in the script
in APPPATH\Config\Security.php on line 4.
 1 [internal function]: CodeIgniter\Debug\Exceptions->shutdownHandler()
CRITICAL - 2023-07-14 07:58:15 --> Namespace declaration statement has to be the very first statement or after any declare call in the script
in APPPATH\Config\Security.php on line 4.
 1 [internal function]: CodeIgniter\Debug\Exceptions->shutdownHandler()
CRITICAL - 2023-07-14 07:58:18 --> Namespace declaration statement has to be the very first statement or after any declare call in the script
in APPPATH\Config\Security.php on line 4.
 1 [internal function]: CodeIgniter\Debug\Exceptions->shutdownHandler()
CRITICAL - 2023-07-14 07:58:22 --> Namespace declaration statement has to be the very first statement or after any declare call in the script
in APPPATH\Config\Security.php on line 4.
 1 [internal function]: CodeIgniter\Debug\Exceptions->shutdownHandler()
CRITICAL - 2023-07-14 07:58:24 --> Namespace declaration statement has to be the very first statement or after any declare call in the script
in APPPATH\Config\Security.php on line 4.
 1 [internal function]: CodeIgniter\Debug\Exceptions->shutdownHandler()
CRITICAL - 2023-07-14 07:58:31 --> Namespace declaration statement has to be the very first statement or after any declare call in the script
in APPPATH\Config\Security.php on line 4.
 1 [internal function]: CodeIgniter\Debug\Exceptions->shutdownHandler()
CRITICAL - 2023-07-14 07:58:32 --> Namespace declaration statement has to be the very first statement or after any declare call in the script
in APPPATH\Config\Security.php on line 4.
 1 [internal function]: CodeIgniter\Debug\Exceptions->shutdownHandler()
CRITICAL - 2023-07-14 07:58:37 --> Namespace declaration statement has to be the very first statement or after any declare call in the script
in APPPATH\Config\Security.php on line 4.
 1 [internal function]: CodeIgniter\Debug\Exceptions->shutdownHandler()
CRITICAL - 2023-07-14 07:58:39 --> Namespace declaration statement has to be the very first statement or after any declare call in the script
in APPPATH\Config\Security.php on line 4.
 1 [internal function]: CodeIgniter\Debug\Exceptions->shutdownHandler()
CRITICAL - 2023-07-14 07:58:40 --> Namespace declaration statement has to be the very first statement or after any declare call in the script
in APPPATH\Config\Security.php on line 4.
 1 [internal function]: CodeIgniter\Debug\Exceptions->shutdownHandler()
CRITICAL - 2023-07-14 07:58:42 --> Namespace declaration statement has to be the very first statement or after any declare call in the script
in APPPATH\Config\Security.php on line 4.
 1 [internal function]: CodeIgniter\Debug\Exceptions->shutdownHandler()
CRITICAL - 2023-07-14 07:58:45 --> Namespace declaration statement has to be the very first statement or after any declare call in the script
in APPPATH\Config\Security.php on line 4.
 1 [internal function]: CodeIgniter\Debug\Exceptions->shutdownHandler()
CRITICAL - 2023-07-14 07:58:46 --> Namespace declaration statement has to be the very first statement or after any declare call in the script
in APPPATH\Config\Security.php on line 4.
 1 [internal function]: CodeIgniter\Debug\Exceptions->shutdownHandler()
CRITICAL - 2023-07-14 07:58:48 --> Namespace declaration statement has to be the very first statement or after any declare call in the script
in APPPATH\Config\Security.php on line 4.
 1 [internal function]: CodeIgniter\Debug\Exceptions->shutdownHandler()
CRITICAL - 2023-07-14 07:58:53 --> Namespace declaration statement has to be the very first statement or after any declare call in the script
in APPPATH\Config\Security.php on line 4.
 1 [internal function]: CodeIgniter\Debug\Exceptions->shutdownHandler()
CRITICAL - 2023-07-14 07:58:58 --> Namespace declaration statement has to be the very first statement or after any declare call in the script
in APPPATH\Config\Security.php on line 4.
 1 [internal function]: CodeIgniter\Debug\Exceptions->shutdownHandler()
CRITICAL - 2023-07-14 07:59:02 --> Namespace declaration statement has to be the very first statement or after any declare call in the script
in APPPATH\Config\Security.php on line 4.
 1 [internal function]: CodeIgniter\Debug\Exceptions->shutdownHandler()
CRITICAL - 2023-07-14 07:59:05 --> Namespace declaration statement has to be the very first statement or after any declare call in the script
in APPPATH\Config\Security.php on line 4.
 1 [internal function]: CodeIgniter\Debug\Exceptions->shutdownHandler()
CRITICAL - 2023-07-14 07:59:06 --> Namespace declaration statement has to be the very first statement or after any declare call in the script
in APPPATH\Config\Security.php on line 4.
 1 [internal function]: CodeIgniter\Debug\Exceptions->shutdownHandler()
CRITICAL - 2023-07-14 07:59:10 --> Namespace declaration statement has to be the very first statement or after any declare call in the script
in APPPATH\Config\Security.php on line 4.
 1 [internal function]: CodeIgniter\Debug\Exceptions->shutdownHandler()
CRITICAL - 2023-07-14 07:59:25 --> Namespace declaration statement has to be the very first statement or after any declare call in the script
in APPPATH\Config\Security.php on line 4.
 1 [internal function]: CodeIgniter\Debug\Exceptions->shutdownHandler()
CRITICAL - 2023-07-14 07:59:26 --> Namespace declaration statement has to be the very first statement or after any declare call in the script
in APPPATH\Config\Security.php on line 4.
 1 [internal function]: CodeIgniter\Debug\Exceptions->shutdownHandler()
CRITICAL - 2023-07-14 07:59:27 --> Namespace declaration statement has to be the very first statement or after any declare call in the script
in APPPATH\Config\Security.php on line 4.
 1 [internal function]: CodeIgniter\Debug\Exceptions->shutdownHandler()
INFO - 2023-07-14 07:59:31 --> Session: Class initialized using 'CodeIgniter\Session\Handlers\FileHandler' driver.
CRITICAL - 2023-07-14 07:59:31 --> Namespace declaration statement has to be the very first statement or after any declare call in the script
in APPPATH\Config\Security.php on line 4.
 1 [internal function]: CodeIgniter\Debug\Exceptions->shutdownHandler()
INFO - 2023-07-14 07:59:45 --> Session: Class initialized using 'CodeIgniter\Session\Handlers\FileHandler' driver.
CRITICAL - 2023-07-14 07:59:45 --> Namespace declaration statement has to be the very first statement or after any declare call in the script
in APPPATH\Config\Security.php on line 4.
 1 [internal function]: CodeIgniter\Debug\Exceptions->shutdownHandler()
CRITICAL - 2023-07-14 07:59:53 --> Namespace declaration statement has to be the very first statement or after any declare call in the script
in APPPATH\Config\Security.php on line 4.
 1 [internal function]: CodeIgniter\Debug\Exceptions->shutdownHandler()
CRITICAL - 2023-07-14 07:59:55 --> Namespace declaration statement has to be the very first statement or after any declare call in the script
in APPPATH\Config\Security.php on line 4.
 1 [internal function]: CodeIgniter\Debug\Exceptions->shutdownHandler()
INFO - 2023-07-14 08:02:39 --> Session: Class initialized using 'CodeIgniter\Session\Handlers\FileHandler' driver.
INFO - 2023-07-14 08:02:58 --> Session: Class initialized using 'CodeIgniter\Session\Handlers\FileHandler' driver.
INFO - 2023-07-14 08:03:07 --> Session: Class initialized using 'CodeIgniter\Session\Handlers\FileHandler' driver.
INFO - 2023-07-14 08:06:01 --> Session: Class initialized using 'CodeIgniter\Session\Handlers\FileHandler' driver.
INFO - 2023-07-14 08:06:10 --> Session: Class initialized using 'CodeIgniter\Session\Handlers\FileHandler' driver.
CRITICAL - 2023-07-14 08:10:48 --> syntax error, unexpected variable "$routes"
in APPPATH\Config\Routes.php on line 66.
 1 SYSTEMPATH\CodeIgniter.php(800): CodeIgniter\Router\RouteCollection->loadRoutes()
 2 SYSTEMPATH\CodeIgniter.php(447): CodeIgniter\CodeIgniter->tryToRouteIt(null)
 3 SYSTEMPATH\CodeIgniter.php(366): CodeIgniter\CodeIgniter->handleRequest(null, Object(Config\Cache), false)
 4 FCPATH\index.php(67): CodeIgniter\CodeIgniter->run()
 5 SYSTEMPATH\Commands\Server\rewrite.php(47): require_once('C:\\Users\\divka\\peminjaman_barang-main\\peminjaman_barang-main\\public\\index.php')
CRITICAL - 2023-07-14 08:10:49 --> syntax error, unexpected variable "$routes"
in APPPATH\Config\Routes.php on line 66.
 1 SYSTEMPATH\CodeIgniter.php(800): CodeIgniter\Router\RouteCollection->loadRoutes()
 2 SYSTEMPATH\CodeIgniter.php(447): CodeIgniter\CodeIgniter->tryToRouteIt(null)
 3 SYSTEMPATH\CodeIgniter.php(366): CodeIgniter\CodeIgniter->handleRequest(null, Object(Config\Cache), false)
 4 FCPATH\index.php(67): CodeIgniter\CodeIgniter->run()
 5 SYSTEMPATH\Commands\Server\rewrite.php(47): require_once('C:\\Users\\divka\\peminjaman_barang-main\\peminjaman_barang-main\\public\\index.php')
CRITICAL - 2023-07-14 08:10:51 --> syntax error, unexpected variable "$routes"
in APPPATH\Config\Routes.php on line 66.
 1 SYSTEMPATH\CodeIgniter.php(800): CodeIgniter\Router\RouteCollection->loadRoutes()
 2 SYSTEMPATH\CodeIgniter.php(447): CodeIgniter\CodeIgniter->tryToRouteIt(null)
 3 SYSTEMPATH\CodeIgniter.php(366): CodeIgniter\CodeIgniter->handleRequest(null, Object(Config\Cache), false)
 4 FCPATH\index.php(67): CodeIgniter\CodeIgniter->run()
 5 SYSTEMPATH\Commands\Server\rewrite.php(47): require_once('C:\\Users\\divka\\peminjaman_barang-main\\peminjaman_barang-main\\public\\index.php')
CRITICAL - 2023-07-14 08:10:52 --> syntax error, unexpected variable "$routes"
in APPPATH\Config\Routes.php on line 66.
 1 SYSTEMPATH\CodeIgniter.php(800): CodeIgniter\Router\RouteCollection->loadRoutes()
 2 SYSTEMPATH\CodeIgniter.php(447): CodeIgniter\CodeIgniter->tryToRouteIt(null)
 3 SYSTEMPATH\CodeIgniter.php(366): CodeIgniter\CodeIgniter->handleRequest(null, Object(Config\Cache), false)
 4 FCPATH\index.php(67): CodeIgniter\CodeIgniter->run()
 5 SYSTEMPATH\Commands\Server\rewrite.php(47): require_once('C:\\Users\\divka\\peminjaman_barang-main\\peminjaman_barang-main\\public\\index.php')
CRITICAL - 2023-07-14 08:10:53 --> syntax error, unexpected variable "$routes"
in APPPATH\Config\Routes.php on line 66.
 1 SYSTEMPATH\CodeIgniter.php(800): CodeIgniter\Router\RouteCollection->loadRoutes()
 2 SYSTEMPATH\CodeIgniter.php(447): CodeIgniter\CodeIgniter->tryToRouteIt(null)
 3 SYSTEMPATH\CodeIgniter.php(366): CodeIgniter\CodeIgniter->handleRequest(null, Object(Config\Cache), false)
 4 FCPATH\index.php(67): CodeIgniter\CodeIgniter->run()
 5 SYSTEMPATH\Commands\Server\rewrite.php(47): require_once('C:\\Users\\divka\\peminjaman_barang-main\\peminjaman_barang-main\\public\\index.php')
CRITICAL - 2023-07-14 08:10:53 --> syntax error, unexpected variable "$routes"
in APPPATH\Config\Routes.php on line 66.
 1 SYSTEMPATH\CodeIgniter.php(800): CodeIgniter\Router\RouteCollection->loadRoutes()
 2 SYSTEMPATH\CodeIgniter.php(447): CodeIgniter\CodeIgniter->tryToRouteIt(null)
 3 SYSTEMPATH\CodeIgniter.php(366): CodeIgniter\CodeIgniter->handleRequest(null, Object(Config\Cache), false)
 4 FCPATH\index.php(67): CodeIgniter\CodeIgniter->run()
 5 SYSTEMPATH\Commands\Server\rewrite.php(47): require_once('C:\\Users\\divka\\peminjaman_barang-main\\peminjaman_barang-main\\public\\index.php')
CRITICAL - 2023-07-14 08:10:53 --> syntax error, unexpected variable "$routes"
in APPPATH\Config\Routes.php on line 66.
 1 SYSTEMPATH\CodeIgniter.php(800): CodeIgniter\Router\RouteCollection->loadRoutes()
 2 SYSTEMPATH\CodeIgniter.php(447): CodeIgniter\CodeIgniter->tryToRouteIt(null)
 3 SYSTEMPATH\CodeIgniter.php(366): CodeIgniter\CodeIgniter->handleRequest(null, Object(Config\Cache), false)
 4 FCPATH\index.php(67): CodeIgniter\CodeIgniter->run()
 5 SYSTEMPATH\Commands\Server\rewrite.php(47): require_once('C:\\Users\\divka\\peminjaman_barang-main\\peminjaman_barang-main\\public\\index.php')
CRITICAL - 2023-07-14 08:10:53 --> syntax error, unexpected variable "$routes"
in APPPATH\Config\Routes.php on line 66.
 1 SYSTEMPATH\CodeIgniter.php(800): CodeIgniter\Router\RouteCollection->loadRoutes()
 2 SYSTEMPATH\CodeIgniter.php(447): CodeIgniter\CodeIgniter->tryToRouteIt(null)
 3 SYSTEMPATH\CodeIgniter.php(366): CodeIgniter\CodeIgniter->handleRequest(null, Object(Config\Cache), false)
 4 FCPATH\index.php(67): CodeIgniter\CodeIgniter->run()
 5 SYSTEMPATH\Commands\Server\rewrite.php(47): require_once('C:\\Users\\divka\\peminjaman_barang-main\\peminjaman_barang-main\\public\\index.php')
CRITICAL - 2023-07-14 08:10:53 --> syntax error, unexpected variable "$routes"
in APPPATH\Config\Routes.php on line 66.
 1 SYSTEMPATH\CodeIgniter.php(800): CodeIgniter\Router\RouteCollection->loadRoutes()
 2 SYSTEMPATH\CodeIgniter.php(447): CodeIgniter\CodeIgniter->tryToRouteIt(null)
 3 SYSTEMPATH\CodeIgniter.php(366): CodeIgniter\CodeIgniter->handleRequest(null, Object(Config\Cache), false)
 4 FCPATH\index.php(67): CodeIgniter\CodeIgniter->run()
 5 SYSTEMPATH\Commands\Server\rewrite.php(47): require_once('C:\\Users\\divka\\peminjaman_barang-main\\peminjaman_barang-main\\public\\index.php')
CRITICAL - 2023-07-14 08:10:54 --> syntax error, unexpected variable "$routes"
in APPPATH\Config\Routes.php on line 66.
 1 SYSTEMPATH\CodeIgniter.php(800): CodeIgniter\Router\RouteCollection->loadRoutes()
 2 SYSTEMPATH\CodeIgniter.php(447): CodeIgniter\CodeIgniter->tryToRouteIt(null)
 3 SYSTEMPATH\CodeIgniter.php(366): CodeIgniter\CodeIgniter->handleRequest(null, Object(Config\Cache), false)
 4 FCPATH\index.php(67): CodeIgniter\CodeIgniter->run()
 5 SYSTEMPATH\Commands\Server\rewrite.php(47): require_once('C:\\Users\\divka\\peminjaman_barang-main\\peminjaman_barang-main\\public\\index.php')
CRITICAL - 2023-07-14 08:10:54 --> syntax error, unexpected variable "$routes"
in APPPATH\Config\Routes.php on line 66.
 1 SYSTEMPATH\CodeIgniter.php(800): CodeIgniter\Router\RouteCollection->loadRoutes()
 2 SYSTEMPATH\CodeIgniter.php(447): CodeIgniter\CodeIgniter->tryToRouteIt(null)
 3 SYSTEMPATH\CodeIgniter.php(366): CodeIgniter\CodeIgniter->handleRequest(null, Object(Config\Cache), false)
 4 FCPATH\index.php(67): CodeIgniter\CodeIgniter->run()
 5 SYSTEMPATH\Commands\Server\rewrite.php(47): require_once('C:\\Users\\divka\\peminjaman_barang-main\\peminjaman_barang-main\\public\\index.php')
CRITICAL - 2023-07-14 08:10:54 --> syntax error, unexpected variable "$routes"
in APPPATH\Config\Routes.php on line 66.
 1 SYSTEMPATH\CodeIgniter.php(800): CodeIgniter\Router\RouteCollection->loadRoutes()
 2 SYSTEMPATH\CodeIgniter.php(447): CodeIgniter\CodeIgniter->tryToRouteIt(null)
 3 SYSTEMPATH\CodeIgniter.php(366): CodeIgniter\CodeIgniter->handleRequest(null, Object(Config\Cache), false)
 4 FCPATH\index.php(67): CodeIgniter\CodeIgniter->run()
 5 SYSTEMPATH\Commands\Server\rewrite.php(47): require_once('C:\\Users\\divka\\peminjaman_barang-main\\peminjaman_barang-main\\public\\index.php')
CRITICAL - 2023-07-14 08:10:54 --> syntax error, unexpected variable "$routes"
in APPPATH\Config\Routes.php on line 66.
 1 SYSTEMPATH\CodeIgniter.php(800): CodeIgniter\Router\RouteCollection->loadRoutes()
 2 SYSTEMPATH\CodeIgniter.php(447): CodeIgniter\CodeIgniter->tryToRouteIt(null)
 3 SYSTEMPATH\CodeIgniter.php(366): CodeIgniter\CodeIgniter->handleRequest(null, Object(Config\Cache), false)
 4 FCPATH\index.php(67): CodeIgniter\CodeIgniter->run()
 5 SYSTEMPATH\Commands\Server\rewrite.php(47): require_once('C:\\Users\\divka\\peminjaman_barang-main\\peminjaman_barang-main\\public\\index.php')
CRITICAL - 2023-07-14 08:10:55 --> syntax error, unexpected variable "$routes"
in APPPATH\Config\Routes.php on line 66.
 1 SYSTEMPATH\CodeIgniter.php(800): CodeIgniter\Router\RouteCollection->loadRoutes()
 2 SYSTEMPATH\CodeIgniter.php(447): CodeIgniter\CodeIgniter->tryToRouteIt(null)
 3 SYSTEMPATH\CodeIgniter.php(366): CodeIgniter\CodeIgniter->handleRequest(null, Object(Config\Cache), false)
 4 FCPATH\index.php(67): CodeIgniter\CodeIgniter->run()
 5 SYSTEMPATH\Commands\Server\rewrite.php(47): require_once('C:\\Users\\divka\\peminjaman_barang-main\\peminjaman_barang-main\\public\\index.php')
CRITICAL - 2023-07-14 08:10:56 --> syntax error, unexpected variable "$routes"
in APPPATH\Config\Routes.php on line 66.
 1 SYSTEMPATH\CodeIgniter.php(800): CodeIgniter\Router\RouteCollection->loadRoutes()
 2 SYSTEMPATH\CodeIgniter.php(447): CodeIgniter\CodeIgniter->tryToRouteIt(null)
 3 SYSTEMPATH\CodeIgniter.php(366): CodeIgniter\CodeIgniter->handleRequest(null, Object(Config\Cache), false)
 4 FCPATH\index.php(67): CodeIgniter\CodeIgniter->run()
 5 SYSTEMPATH\Commands\Server\rewrite.php(47): require_once('C:\\Users\\divka\\peminjaman_barang-main\\peminjaman_barang-main\\public\\index.php')
INFO - 2023-07-14 08:11:20 --> Session: Class initialized using 'CodeIgniter\Session\Handlers\FileHandler' driver.
INFO - 2023-07-14 08:11:32 --> Session: Class initialized using 'CodeIgniter\Session\Handlers\FileHandler' driver.
INFO - 2023-07-14 08:26:35 --> Session: Class initialized using 'CodeIgniter\Session\Handlers\FileHandler' driver.
INFO - 2023-07-14 08:26:44 --> Session: Class initialized using 'CodeIgniter\Session\Handlers\FileHandler' driver.
INFO - 2023-07-14 09:25:04 --> Session: Class initialized using 'CodeIgniter\Session\Handlers\FileHandler' driver.
INFO - 2023-07-14 09:26:57 --> Session: Class initialized using 'CodeIgniter\Session\Handlers\FileHandler' driver.
INFO - 2023-07-14 09:27:08 --> Session: Class initialized using 'CodeIgniter\Session\Handlers\FileHandler' driver.
INFO - 2023-07-14 09:46:35 --> Session: Class initialized using 'CodeIgniter\Session\Handlers\FileHandler' driver.
INFO - 2023-07-14 09:46:47 --> Session: Class initialized using 'CodeIgniter\Session\Handlers\FileHandler' driver.
INFO - 2023-07-14 09:53:27 --> Session: Class initialized using 'CodeIgniter\Session\Handlers\FileHandler' driver.
INFO - 2023-07-14 09:54:24 --> Session: Class initialized using 'CodeIgniter\Session\Handlers\FileHandler' driver.
INFO - 2023-07-14 09:55:33 --> Session: Class initialized using 'CodeIgniter\Session\Handlers\FileHandler' driver.
INFO - 2023-07-14 09:55:49 --> Session: Class initialized using 'CodeIgniter\Session\Handlers\FileHandler' driver.
INFO - 2023-07-14 09:56:00 --> Session: Class initialized using 'CodeIgniter\Session\Handlers\FileHandler' driver.
INFO - 2023-07-14 09:57:54 --> Session: Class initialized using 'CodeIgniter\Session\Handlers\FileHandler' driver.
INFO - 2023-07-14 09:58:02 --> Session: Class initialized using 'CodeIgniter\Session\Handlers\FileHandler' driver.
INFO - 2023-07-14 09:58:29 --> Session: Class initialized using 'CodeIgniter\Session\Handlers\FileHandler' driver.
INFO - 2023-07-14 09:58:40 --> Session: Class initialized using 'CodeIgniter\Session\Handlers\FileHandler' driver.
INFO - 2023-07-14 09:58:49 --> Session: Class initialized using 'CodeIgniter\Session\Handlers\FileHandler' driver.
INFO - 2023-07-14 09:59:19 --> Session: Class initialized using 'CodeIgniter\Session\Handlers\FileHandler' driver.
INFO - 2023-07-14 09:59:29 --> Session: Class initialized using 'CodeIgniter\Session\Handlers\FileHandler' driver.
INFO - 2023-07-14 10:00:13 --> Session: Class initialized using 'CodeIgniter\Session\Handlers\FileHandler' driver.
INFO - 2023-07-14 10:00:19 --> Session: Class initialized using 'CodeIgniter\Session\Handlers\FileHandler' driver.
INFO - 2023-07-14 10:00:29 --> Session: Class initialized using 'CodeIgniter\Session\Handlers\FileHandler' driver.
INFO - 2023-07-14 10:49:13 --> Session: Class initialized using 'CodeIgniter\Session\Handlers\FileHandler' driver.
INFO - 2023-07-14 10:49:26 --> Session: Class initialized using 'CodeIgniter\Session\Handlers\FileHandler' driver.
INFO - 2023-07-14 10:52:58 --> Session: Class initialized using 'CodeIgniter\Session\Handlers\FileHandler' driver.
INFO - 2023-07-14 10:53:35 --> Session: Class initialized using 'CodeIgniter\Session\Handlers\FileHandler' driver.
INFO - 2023-07-14 10:54:25 --> Session: Class initialized using 'CodeIgniter\Session\Handlers\FileHandler' driver.
INFO - 2023-07-14 10:54:56 --> Session: Class initialized using 'CodeIgniter\Session\Handlers\FileHandler' driver.
INFO - 2023-07-14 10:55:03 --> Session: Class initialized using 'CodeIgniter\Session\Handlers\FileHandler' driver.
INFO - 2023-07-14 10:55:12 --> Session: Class initialized using 'CodeIgniter\Session\Handlers\FileHandler' driver.
INFO - 2023-07-14 10:55:49 --> Session: Class initialized using 'CodeIgniter\Session\Handlers\FileHandler' driver.
INFO - 2023-07-14 10:56:01 --> Session: Class initialized using 'CodeIgniter\Session\Handlers\FileHandler' driver.
INFO - 2023-07-14 10:56:18 --> Session: Class initialized using 'CodeIgniter\Session\Handlers\FileHandler' driver.
INFO - 2023-07-14 10:56:28 --> Session: Class initialized using 'CodeIgniter\Session\Handlers\FileHandler' driver.
INFO - 2023-07-14 10:56:34 --> Session: Class initialized using 'CodeIgniter\Session\Handlers\FileHandler' driver.
INFO - 2023-07-14 11:01:17 --> Session: Class initialized using 'CodeIgniter\Session\Handlers\FileHandler' driver.
INFO - 2023-07-14 11:01:53 --> Session: Class initialized using 'CodeIgniter\Session\Handlers\FileHandler' driver.
INFO - 2023-07-14 11:02:15 --> Session: Class initialized using 'CodeIgniter\Session\Handlers\FileHandler' driver.
INFO - 2023-07-14 11:02:41 --> Session: Class initialized using 'CodeIgniter\Session\Handlers\FileHandler' driver.
INFO - 2023-07-14 11:03:12 --> Session: Class initialized using 'CodeIgniter\Session\Handlers\FileHandler' driver.
INFO - 2023-07-14 11:03:31 --> Session: Class initialized using 'CodeIgniter\Session\Handlers\FileHandler' driver.
INFO - 2023-07-14 11:04:10 --> Session: Class initialized using 'CodeIgniter\Session\Handlers\FileHandler' driver.
INFO - 2023-07-14 11:04:23 --> Session: Class initialized using 'CodeIgniter\Session\Handlers\FileHandler' driver.
INFO - 2023-07-14 11:04:44 --> Session: Class initialized using 'CodeIgniter\Session\Handlers\FileHandler' driver.
INFO - 2023-07-14 11:05:43 --> Session: Class initialized using 'CodeIgniter\Session\Handlers\FileHandler' driver.
INFO - 2023-07-14 11:05:55 --> Session: Class initialized using 'CodeIgniter\Session\Handlers\FileHandler' driver.
INFO - 2023-07-14 11:08:12 --> Session: Class initialized using 'CodeIgniter\Session\Handlers\FileHandler' driver.
INFO - 2023-07-14 11:08:21 --> Session: Class initialized using 'CodeIgniter\Session\Handlers\FileHandler' driver.
INFO - 2023-07-14 13:12:42 --> Session: Class initialized using 'CodeIgniter\Session\Handlers\FileHandler' driver.
INFO - 2023-07-14 13:21:01 --> Session: Class initialized using 'CodeIgniter\Session\Handlers\FileHandler' driver.
